05 Mar 2024 - 13:23:45 INFO  com.example.YouTubeApplication - Starting YouTubeApplication using Java 21.0.1 with PID 7744 (D:\programer\proekt\yutobe\YouTube\target\classes started by acer in D:\programer\proekt\yutobe\YouTube)
05 Mar 2024 - 13:23:45 INFO  com.example.YouTubeApplication - The following 1 profile is active: "local"
05 Mar 2024 - 13:23:47 INFO  o.s.d.r.c.RepositoryConfigurationDelegate - Bootstrapping Spring Data JPA repositories in DEFAULT mode.
05 Mar 2024 - 13:23:47 INFO  o.s.d.r.c.RepositoryConfigurationDelegate - Finished Spring Data repository scanning in 92 ms. Found 10 JPA repository interfaces.
05 Mar 2024 - 13:23:48 INFO  o.s.b.w.e.tomcat.TomcatWebServer - Tomcat initialized with port 8080 (http)
05 Mar 2024 - 13:23:48 INFO  o.a.catalina.core.StandardService - Starting service [Tomcat]
05 Mar 2024 - 13:23:48 INFO  o.a.catalina.core.StandardEngine - Starting Servlet engine: [Apache Tomcat/10.1.18]
05 Mar 2024 - 13:23:48 INFO  o.a.c.c.C.[Tomcat].[localhost].[/] - Initializing Spring embedded WebApplicationContext
05 Mar 2024 - 13:23:48 INFO  o.s.b.w.s.c.ServletWebServerApplicationContext - Root WebApplicationContext: initialization completed in 2577 ms
05 Mar 2024 - 13:23:48 INFO  o.h.jpa.internal.util.LogHelper - HHH000204: Processing PersistenceUnitInfo [name: default]
05 Mar 2024 - 13:23:48 INFO  org.hibernate.Version - HHH000412: Hibernate ORM core version 6.4.1.Final
05 Mar 2024 - 13:23:48 INFO  o.h.c.i.RegionFactoryInitiator - HHH000026: Second-level cache disabled
05 Mar 2024 - 13:23:49 INFO  o.s.o.j.p.SpringPersistenceUnitInfo - No LoadTimeWeaver setup: ignoring JPA class transformer
05 Mar 2024 - 13:23:49 INFO  com.zaxxer.hikari.HikariDataSource - HikariPool-1 - Starting...
05 Mar 2024 - 13:23:49 INFO  com.zaxxer.hikari.pool.HikariPool - HikariPool-1 - Added connection org.postgresql.jdbc.PgConnection@6335f04a
05 Mar 2024 - 13:23:49 INFO  com.zaxxer.hikari.HikariDataSource - HikariPool-1 - Start completed.
05 Mar 2024 - 13:23:50 INFO  o.h.e.t.j.p.i.JtaPlatformInitiator - HHH000489: No JTA platform available (set 'hibernate.transaction.jta.platform' to enable JTA platform integration)
05 Mar 2024 - 13:23:51 INFO  o.s.o.j.LocalContainerEntityManagerFactoryBean - Initialized JPA EntityManagerFactory for persistence unit 'default'
05 Mar 2024 - 13:23:51 INFO  o.s.d.j.r.query.QueryEnhancerFactory - Hibernate is in classpath; If applicable, HQL parser will be used.
05 Mar 2024 - 13:23:52 WARN  o.s.b.a.o.j.JpaBaseConfiguration$JpaWebConfiguration - spring.jpa.open-in-view is enabled by default. Therefore, database queries may be performed during view rendering. Explicitly configure spring.jpa.open-in-view to disable this warning
05 Mar 2024 - 13:23:53 INFO  o.s.s.web.DefaultSecurityFilterChain - Will secure any request with [org.springframework.security.web.session.DisableEncodeUrlFilter@2bfe2327, org.springframework.security.web.context.request.async.WebAsyncManagerIntegrationFilter@5cbf423b, org.springframework.security.web.context.SecurityContextHolderFilter@742ce3ad, org.springframework.security.web.header.HeaderWriterFilter@7c4663ec, org.springframework.security.web.authentication.logout.LogoutFilter@622be81d, com.example.config.JwtTokenFilter@7c046af, org.springframework.security.web.savedrequest.RequestCacheAwareFilter@3237522b, org.springframework.security.web.servletapi.SecurityContextHolderAwareRequestFilter@73ffe7b0, org.springframework.security.web.authentication.AnonymousAuthenticationFilter@1b3ba1e3, org.springframework.security.web.access.ExceptionTranslationFilter@3f976f43, org.springframework.security.web.access.intercept.AuthorizationFilter@231c8be4]
05 Mar 2024 - 13:23:54 INFO  o.s.b.w.e.tomcat.TomcatWebServer - Tomcat started on port 8080 (http) with context path ''
05 Mar 2024 - 13:23:54 INFO  com.example.YouTubeApplication - Started YouTubeApplication in 9.199 seconds (process running for 10.317)
05 Mar 2024 - 13:23:54 INFO  o.f.c.i.license.VersionPrinter - Flyway Community Edition 9.22.3 by Redgate
05 Mar 2024 - 13:23:54 INFO  o.f.c.i.license.VersionPrinter - See release notes here: https://rd.gt/416ObMi
05 Mar 2024 - 13:23:54 INFO  o.f.c.i.license.VersionPrinter - 
05 Mar 2024 - 13:23:54 INFO  org.flywaydb.core.FlywayExecutor - Database: jdbc:postgresql://localhost:5432/yutobe (PostgreSQL 15.2)
05 Mar 2024 - 13:23:54 INFO  o.f.core.internal.command.DbValidate - Successfully validated 5 migrations (execution time 00:00.024s)
05 Mar 2024 - 13:23:54 INFO  o.f.core.internal.command.DbMigrate - Current version of schema "public": 5
05 Mar 2024 - 13:23:54 INFO  o.f.core.internal.command.DbMigrate - Schema "public" is up to date. No migration necessary.
05 Mar 2024 - 13:24:52 INFO  o.a.c.c.C.[Tomcat].[localhost].[/] - Initializing Spring DispatcherServlet 'dispatcherServlet'
05 Mar 2024 - 13:24:52 INFO  o.s.web.servlet.DispatcherServlet - Initializing Servlet 'dispatcherServlet'
05 Mar 2024 - 13:24:52 INFO  o.s.web.servlet.DispatcherServlet - Completed initialization in 1 ms
05 Mar 2024 - 13:46:35 INFO  o.s.o.j.LocalContainerEntityManagerFactoryBean - Closing JPA EntityManagerFactory for persistence unit 'default'
05 Mar 2024 - 13:46:35 INFO  com.zaxxer.hikari.HikariDataSource - HikariPool-1 - Shutdown initiated...
05 Mar 2024 - 13:46:35 INFO  com.zaxxer.hikari.HikariDataSource - HikariPool-1 - Shutdown completed.
05 Mar 2024 - 13:46:44 INFO  com.example.YouTubeApplication - Starting YouTubeApplication using Java 21.0.1 with PID 8664 (D:\programer\proekt\yutobe\YouTube\target\classes started by acer in D:\programer\proekt\yutobe\YouTube)
05 Mar 2024 - 13:46:44 INFO  com.example.YouTubeApplication - The following 1 profile is active: "local"
05 Mar 2024 - 13:46:45 INFO  o.s.d.r.c.RepositoryConfigurationDelegate - Bootstrapping Spring Data JPA repositories in DEFAULT mode.
05 Mar 2024 - 13:46:45 INFO  o.s.d.r.c.RepositoryConfigurationDelegate - Finished Spring Data repository scanning in 62 ms. Found 10 JPA repository interfaces.
05 Mar 2024 - 13:46:46 INFO  o.s.b.w.e.tomcat.TomcatWebServer - Tomcat initialized with port 8080 (http)
05 Mar 2024 - 13:46:46 INFO  o.a.catalina.core.StandardService - Starting service [Tomcat]
05 Mar 2024 - 13:46:46 INFO  o.a.catalina.core.StandardEngine - Starting Servlet engine: [Apache Tomcat/10.1.18]
05 Mar 2024 - 13:46:46 INFO  o.a.c.c.C.[Tomcat].[localhost].[/] - Initializing Spring embedded WebApplicationContext
05 Mar 2024 - 13:46:46 INFO  o.s.b.w.s.c.ServletWebServerApplicationContext - Root WebApplicationContext: initialization completed in 1410 ms
05 Mar 2024 - 13:46:46 INFO  o.h.jpa.internal.util.LogHelper - HHH000204: Processing PersistenceUnitInfo [name: default]
05 Mar 2024 - 13:46:46 INFO  org.hibernate.Version - HHH000412: Hibernate ORM core version 6.4.1.Final
05 Mar 2024 - 13:46:46 INFO  o.h.c.i.RegionFactoryInitiator - HHH000026: Second-level cache disabled
05 Mar 2024 - 13:46:46 INFO  o.s.o.j.p.SpringPersistenceUnitInfo - No LoadTimeWeaver setup: ignoring JPA class transformer
05 Mar 2024 - 13:46:46 INFO  com.zaxxer.hikari.HikariDataSource - HikariPool-1 - Starting...
05 Mar 2024 - 13:46:46 INFO  com.zaxxer.hikari.pool.HikariPool - HikariPool-1 - Added connection org.postgresql.jdbc.PgConnection@5aa6da2
05 Mar 2024 - 13:46:46 INFO  com.zaxxer.hikari.HikariDataSource - HikariPool-1 - Start completed.
05 Mar 2024 - 13:46:48 INFO  o.h.e.t.j.p.i.JtaPlatformInitiator - HHH000489: No JTA platform available (set 'hibernate.transaction.jta.platform' to enable JTA platform integration)
05 Mar 2024 - 13:46:48 INFO  o.s.o.j.LocalContainerEntityManagerFactoryBean - Initialized JPA EntityManagerFactory for persistence unit 'default'
05 Mar 2024 - 13:46:48 INFO  o.s.d.j.r.query.QueryEnhancerFactory - Hibernate is in classpath; If applicable, HQL parser will be used.
05 Mar 2024 - 13:46:49 WARN  o.s.b.a.o.j.JpaBaseConfiguration$JpaWebConfiguration - spring.jpa.open-in-view is enabled by default. Therefore, database queries may be performed during view rendering. Explicitly configure spring.jpa.open-in-view to disable this warning
05 Mar 2024 - 13:46:49 INFO  o.s.s.web.DefaultSecurityFilterChain - Will secure any request with [org.springframework.security.web.session.DisableEncodeUrlFilter@69e3caa1, org.springframework.security.web.context.request.async.WebAsyncManagerIntegrationFilter@231c8be4, org.springframework.security.web.context.SecurityContextHolderFilter@7c4663ec, org.springframework.security.web.header.HeaderWriterFilter@296c0293, org.springframework.security.web.authentication.logout.LogoutFilter@387cd426, com.example.config.JwtTokenFilter@56dae6, org.springframework.security.web.savedrequest.RequestCacheAwareFilter@319e02e7, org.springframework.security.web.servletapi.SecurityContextHolderAwareRequestFilter@742ce3ad, org.springframework.security.web.authentication.AnonymousAuthenticationFilter@674687b3, org.springframework.security.web.access.ExceptionTranslationFilter@6ae247b7, org.springframework.security.web.access.intercept.AuthorizationFilter@18ab86a2]
05 Mar 2024 - 13:46:50 INFO  o.s.b.w.e.tomcat.TomcatWebServer - Tomcat started on port 8080 (http) with context path ''
05 Mar 2024 - 13:46:50 INFO  com.example.YouTubeApplication - Started YouTubeApplication in 5.959 seconds (process running for 6.607)
05 Mar 2024 - 13:46:50 INFO  o.f.c.i.license.VersionPrinter - Flyway Community Edition 9.22.3 by Redgate
05 Mar 2024 - 13:46:50 INFO  o.f.c.i.license.VersionPrinter - See release notes here: https://rd.gt/416ObMi
05 Mar 2024 - 13:46:50 INFO  o.f.c.i.license.VersionPrinter - 
05 Mar 2024 - 13:46:50 INFO  org.flywaydb.core.FlywayExecutor - Database: jdbc:postgresql://localhost:5432/yutobe (PostgreSQL 15.2)
05 Mar 2024 - 13:46:50 INFO  o.f.core.internal.command.DbValidate - Successfully validated 5 migrations (execution time 00:00.035s)
05 Mar 2024 - 13:46:50 INFO  o.f.core.internal.command.DbMigrate - Current version of schema "public": 5
05 Mar 2024 - 13:46:50 INFO  o.f.core.internal.command.DbMigrate - Schema "public" is up to date. No migration necessary.
05 Mar 2024 - 13:47:50 INFO  o.s.o.j.LocalContainerEntityManagerFactoryBean - Closing JPA EntityManagerFactory for persistence unit 'default'
05 Mar 2024 - 13:47:50 INFO  com.zaxxer.hikari.HikariDataSource - HikariPool-1 - Shutdown initiated...
05 Mar 2024 - 13:47:50 INFO  com.zaxxer.hikari.HikariDataSource - HikariPool-1 - Shutdown completed.
05 Mar 2024 - 13:47:56 INFO  com.example.YouTubeApplication - Starting YouTubeApplication using Java 21.0.1 with PID 1468 (D:\programer\proekt\yutobe\YouTube\target\classes started by acer in D:\programer\proekt\yutobe\YouTube)
05 Mar 2024 - 13:47:56 INFO  com.example.YouTubeApplication - The following 1 profile is active: "local"
05 Mar 2024 - 13:47:56 INFO  o.s.d.r.c.RepositoryConfigurationDelegate - Bootstrapping Spring Data JPA repositories in DEFAULT mode.
05 Mar 2024 - 13:47:56 INFO  o.s.d.r.c.RepositoryConfigurationDelegate - Finished Spring Data repository scanning in 70 ms. Found 10 JPA repository interfaces.
05 Mar 2024 - 13:47:57 INFO  o.s.b.w.e.tomcat.TomcatWebServer - Tomcat initialized with port 8080 (http)
05 Mar 2024 - 13:47:57 INFO  o.a.catalina.core.StandardService - Starting service [Tomcat]
05 Mar 2024 - 13:47:57 INFO  o.a.catalina.core.StandardEngine - Starting Servlet engine: [Apache Tomcat/10.1.18]
05 Mar 2024 - 13:47:57 INFO  o.a.c.c.C.[Tomcat].[localhost].[/] - Initializing Spring embedded WebApplicationContext
05 Mar 2024 - 13:47:57 INFO  o.s.b.w.s.c.ServletWebServerApplicationContext - Root WebApplicationContext: initialization completed in 1477 ms
05 Mar 2024 - 13:47:57 INFO  o.h.jpa.internal.util.LogHelper - HHH000204: Processing PersistenceUnitInfo [name: default]
05 Mar 2024 - 13:47:57 INFO  org.hibernate.Version - HHH000412: Hibernate ORM core version 6.4.1.Final
05 Mar 2024 - 13:47:57 INFO  o.h.c.i.RegionFactoryInitiator - HHH000026: Second-level cache disabled
05 Mar 2024 - 13:47:58 INFO  o.s.o.j.p.SpringPersistenceUnitInfo - No LoadTimeWeaver setup: ignoring JPA class transformer
05 Mar 2024 - 13:47:58 INFO  com.zaxxer.hikari.HikariDataSource - HikariPool-1 - Starting...
05 Mar 2024 - 13:47:58 INFO  com.zaxxer.hikari.pool.HikariPool - HikariPool-1 - Added connection org.postgresql.jdbc.PgConnection@4ccdacf5
05 Mar 2024 - 13:47:58 INFO  com.zaxxer.hikari.HikariDataSource - HikariPool-1 - Start completed.
05 Mar 2024 - 13:47:59 INFO  o.h.e.t.j.p.i.JtaPlatformInitiator - HHH000489: No JTA platform available (set 'hibernate.transaction.jta.platform' to enable JTA platform integration)
05 Mar 2024 - 13:47:59 INFO  o.s.o.j.LocalContainerEntityManagerFactoryBean - Initialized JPA EntityManagerFactory for persistence unit 'default'
05 Mar 2024 - 13:47:59 INFO  o.s.d.j.r.query.QueryEnhancerFactory - Hibernate is in classpath; If applicable, HQL parser will be used.
05 Mar 2024 - 13:48:00 WARN  o.s.b.a.o.j.JpaBaseConfiguration$JpaWebConfiguration - spring.jpa.open-in-view is enabled by default. Therefore, database queries may be performed during view rendering. Explicitly configure spring.jpa.open-in-view to disable this warning
05 Mar 2024 - 13:48:01 INFO  o.s.s.web.DefaultSecurityFilterChain - Will secure any request with [org.springframework.security.web.session.DisableEncodeUrlFilter@6295cc30, org.springframework.security.web.context.request.async.WebAsyncManagerIntegrationFilter@69e3caa1, org.springframework.security.web.context.SecurityContextHolderFilter@473048f9, org.springframework.security.web.header.HeaderWriterFilter@53fd061d, org.springframework.security.web.authentication.logout.LogoutFilter@399e43d0, com.example.config.JwtTokenFilter@6567de86, org.springframework.security.web.savedrequest.RequestCacheAwareFilter@35f79e6d, org.springframework.security.web.servletapi.SecurityContextHolderAwareRequestFilter@319e02e7, org.springframework.security.web.authentication.AnonymousAuthenticationFilter@231c8be4, org.springframework.security.web.access.ExceptionTranslationFilter@4c255e8, org.springframework.security.web.access.intercept.AuthorizationFilter@257de910]
05 Mar 2024 - 13:48:01 INFO  o.s.b.w.e.tomcat.TomcatWebServer - Tomcat started on port 8080 (http) with context path ''
05 Mar 2024 - 13:48:01 INFO  com.example.YouTubeApplication - Started YouTubeApplication in 5.833 seconds (process running for 6.559)
05 Mar 2024 - 13:48:01 INFO  o.f.c.i.license.VersionPrinter - Flyway Community Edition 9.22.3 by Redgate
05 Mar 2024 - 13:48:01 INFO  o.f.c.i.license.VersionPrinter - See release notes here: https://rd.gt/416ObMi
05 Mar 2024 - 13:48:01 INFO  o.f.c.i.license.VersionPrinter - 
05 Mar 2024 - 13:48:01 INFO  org.flywaydb.core.FlywayExecutor - Database: jdbc:postgresql://localhost:5432/yutobe (PostgreSQL 15.2)
05 Mar 2024 - 13:48:01 INFO  o.f.core.internal.command.DbValidate - Successfully validated 5 migrations (execution time 00:00.020s)
05 Mar 2024 - 13:48:01 INFO  o.f.core.internal.command.DbMigrate - Current version of schema "public": 5
05 Mar 2024 - 13:48:01 INFO  o.f.core.internal.command.DbMigrate - Schema "public" is up to date. No migration necessary.
05 Mar 2024 - 13:48:24 INFO  o.a.c.c.C.[Tomcat].[localhost].[/] - Initializing Spring DispatcherServlet 'dispatcherServlet'
05 Mar 2024 - 13:48:24 INFO  o.s.web.servlet.DispatcherServlet - Initializing Servlet 'dispatcherServlet'
05 Mar 2024 - 13:48:24 INFO  o.s.web.servlet.DispatcherServlet - Completed initialization in 2 ms
05 Mar 2024 - 16:27:31 INFO  o.s.o.j.LocalContainerEntityManagerFactoryBean - Closing JPA EntityManagerFactory for persistence unit 'default'
05 Mar 2024 - 16:27:31 INFO  com.zaxxer.hikari.HikariDataSource - HikariPool-1 - Shutdown initiated...
05 Mar 2024 - 16:27:31 INFO  com.zaxxer.hikari.HikariDataSource - HikariPool-1 - Shutdown completed.
05 Mar 2024 - 16:27:43 INFO  com.example.YouTubeApplication - Starting YouTubeApplication using Java 21.0.1 with PID 11472 (D:\programer\proekt\yutobe\YouTube\target\classes started by acer in D:\programer\proekt\yutobe\YouTube)
05 Mar 2024 - 16:27:43 INFO  com.example.YouTubeApplication - The following 1 profile is active: "local"
05 Mar 2024 - 16:27:44 INFO  o.s.d.r.c.RepositoryConfigurationDelegate - Bootstrapping Spring Data JPA repositories in DEFAULT mode.
05 Mar 2024 - 16:27:44 INFO  o.s.d.r.c.RepositoryConfigurationDelegate - Finished Spring Data repository scanning in 72 ms. Found 10 JPA repository interfaces.
05 Mar 2024 - 16:27:45 INFO  o.s.b.w.e.tomcat.TomcatWebServer - Tomcat initialized with port 8080 (http)
05 Mar 2024 - 16:27:45 INFO  o.a.catalina.core.StandardService - Starting service [Tomcat]
05 Mar 2024 - 16:27:45 INFO  o.a.catalina.core.StandardEngine - Starting Servlet engine: [Apache Tomcat/10.1.18]
05 Mar 2024 - 16:27:45 INFO  o.a.c.c.C.[Tomcat].[localhost].[/] - Initializing Spring embedded WebApplicationContext
05 Mar 2024 - 16:27:45 INFO  o.s.b.w.s.c.ServletWebServerApplicationContext - Root WebApplicationContext: initialization completed in 2354 ms
05 Mar 2024 - 16:27:45 INFO  o.h.jpa.internal.util.LogHelper - HHH000204: Processing PersistenceUnitInfo [name: default]
05 Mar 2024 - 16:27:45 INFO  org.hibernate.Version - HHH000412: Hibernate ORM core version 6.4.1.Final
05 Mar 2024 - 16:27:45 INFO  o.h.c.i.RegionFactoryInitiator - HHH000026: Second-level cache disabled
05 Mar 2024 - 16:27:46 INFO  o.s.o.j.p.SpringPersistenceUnitInfo - No LoadTimeWeaver setup: ignoring JPA class transformer
05 Mar 2024 - 16:27:46 INFO  com.zaxxer.hikari.HikariDataSource - HikariPool-1 - Starting...
05 Mar 2024 - 16:27:46 INFO  com.zaxxer.hikari.pool.HikariPool - HikariPool-1 - Added connection org.postgresql.jdbc.PgConnection@79d4ff58
05 Mar 2024 - 16:27:46 INFO  com.zaxxer.hikari.HikariDataSource - HikariPool-1 - Start completed.
05 Mar 2024 - 16:27:47 INFO  o.h.e.t.j.p.i.JtaPlatformInitiator - HHH000489: No JTA platform available (set 'hibernate.transaction.jta.platform' to enable JTA platform integration)
05 Mar 2024 - 16:27:47 INFO  o.s.o.j.LocalContainerEntityManagerFactoryBean - Initialized JPA EntityManagerFactory for persistence unit 'default'
05 Mar 2024 - 16:27:48 INFO  o.s.d.j.r.query.QueryEnhancerFactory - Hibernate is in classpath; If applicable, HQL parser will be used.
05 Mar 2024 - 16:27:49 WARN  o.s.b.a.o.j.JpaBaseConfiguration$JpaWebConfiguration - spring.jpa.open-in-view is enabled by default. Therefore, database queries may be performed during view rendering. Explicitly configure spring.jpa.open-in-view to disable this warning
05 Mar 2024 - 16:27:49 INFO  o.s.s.web.DefaultSecurityFilterChain - Will secure any request with [org.springframework.security.web.session.DisableEncodeUrlFilter@3566d527, org.springframework.security.web.context.request.async.WebAsyncManagerIntegrationFilter@69959ea5, org.springframework.security.web.context.SecurityContextHolderFilter@340fd670, org.springframework.security.web.header.HeaderWriterFilter@52a9c251, org.springframework.security.web.authentication.logout.LogoutFilter@73ffe7b0, com.example.config.JwtTokenFilter@586a9fe1, org.springframework.security.web.savedrequest.RequestCacheAwareFilter@118932fe, org.springframework.security.web.servletapi.SecurityContextHolderAwareRequestFilter@7153995c, org.springframework.security.web.authentication.AnonymousAuthenticationFilter@ae5eeee, org.springframework.security.web.access.ExceptionTranslationFilter@2c70da80, org.springframework.security.web.access.intercept.AuthorizationFilter@7da3d617]
05 Mar 2024 - 16:27:50 INFO  o.s.b.w.e.tomcat.TomcatWebServer - Tomcat started on port 8080 (http) with context path ''
05 Mar 2024 - 16:27:50 INFO  com.example.YouTubeApplication - Started YouTubeApplication in 7.866 seconds (process running for 8.675)
05 Mar 2024 - 16:27:50 INFO  o.f.c.i.license.VersionPrinter - Flyway Community Edition 9.22.3 by Redgate
05 Mar 2024 - 16:27:50 INFO  o.f.c.i.license.VersionPrinter - See release notes here: https://rd.gt/416ObMi
05 Mar 2024 - 16:27:50 INFO  o.f.c.i.license.VersionPrinter - 
05 Mar 2024 - 16:27:50 INFO  org.flywaydb.core.FlywayExecutor - Database: jdbc:postgresql://localhost:5432/yutobe (PostgreSQL 15.2)
05 Mar 2024 - 16:27:50 INFO  o.f.core.internal.command.DbValidate - Successfully validated 5 migrations (execution time 00:00.023s)
05 Mar 2024 - 16:27:50 INFO  o.f.core.internal.command.DbMigrate - Current version of schema "public": 5
05 Mar 2024 - 16:27:50 INFO  o.f.core.internal.command.DbMigrate - Schema "public" is up to date. No migration necessary.
05 Mar 2024 - 16:38:51 INFO  o.s.o.j.LocalContainerEntityManagerFactoryBean - Closing JPA EntityManagerFactory for persistence unit 'default'
05 Mar 2024 - 16:38:51 INFO  com.zaxxer.hikari.HikariDataSource - HikariPool-1 - Shutdown initiated...
05 Mar 2024 - 16:38:51 INFO  com.zaxxer.hikari.HikariDataSource - HikariPool-1 - Shutdown completed.
05 Mar 2024 - 16:39:01 INFO  com.example.YouTubeApplication - Starting YouTubeApplication using Java 21.0.1 with PID 5600 (D:\programer\proekt\yutobe\YouTube\target\classes started by acer in D:\programer\proekt\yutobe\YouTube)
05 Mar 2024 - 16:39:01 INFO  com.example.YouTubeApplication - The following 1 profile is active: "local"
05 Mar 2024 - 16:39:02 INFO  o.s.d.r.c.RepositoryConfigurationDelegate - Bootstrapping Spring Data JPA repositories in DEFAULT mode.
05 Mar 2024 - 16:39:02 INFO  o.s.d.r.c.RepositoryConfigurationDelegate - Finished Spring Data repository scanning in 82 ms. Found 10 JPA repository interfaces.
05 Mar 2024 - 16:39:03 INFO  o.s.b.w.e.tomcat.TomcatWebServer - Tomcat initialized with port 8080 (http)
05 Mar 2024 - 16:39:03 INFO  o.a.catalina.core.StandardService - Starting service [Tomcat]
05 Mar 2024 - 16:39:03 INFO  o.a.catalina.core.StandardEngine - Starting Servlet engine: [Apache Tomcat/10.1.18]
05 Mar 2024 - 16:39:03 INFO  o.a.c.c.C.[Tomcat].[localhost].[/] - Initializing Spring embedded WebApplicationContext
05 Mar 2024 - 16:39:03 INFO  o.s.b.w.s.c.ServletWebServerApplicationContext - Root WebApplicationContext: initialization completed in 1768 ms
05 Mar 2024 - 16:39:03 INFO  o.h.jpa.internal.util.LogHelper - HHH000204: Processing PersistenceUnitInfo [name: default]
05 Mar 2024 - 16:39:03 INFO  org.hibernate.Version - HHH000412: Hibernate ORM core version 6.4.1.Final
05 Mar 2024 - 16:39:03 INFO  o.h.c.i.RegionFactoryInitiator - HHH000026: Second-level cache disabled
05 Mar 2024 - 16:39:03 INFO  o.s.o.j.p.SpringPersistenceUnitInfo - No LoadTimeWeaver setup: ignoring JPA class transformer
05 Mar 2024 - 16:39:03 INFO  com.zaxxer.hikari.HikariDataSource - HikariPool-1 - Starting...
05 Mar 2024 - 16:39:04 INFO  com.zaxxer.hikari.pool.HikariPool - HikariPool-1 - Added connection org.postgresql.jdbc.PgConnection@59fea5f5
05 Mar 2024 - 16:39:04 INFO  com.zaxxer.hikari.HikariDataSource - HikariPool-1 - Start completed.
05 Mar 2024 - 16:39:05 INFO  o.h.e.t.j.p.i.JtaPlatformInitiator - HHH000489: No JTA platform available (set 'hibernate.transaction.jta.platform' to enable JTA platform integration)
05 Mar 2024 - 16:39:05 INFO  o.s.o.j.LocalContainerEntityManagerFactoryBean - Initialized JPA EntityManagerFactory for persistence unit 'default'
05 Mar 2024 - 16:39:06 INFO  o.s.d.j.r.query.QueryEnhancerFactory - Hibernate is in classpath; If applicable, HQL parser will be used.
05 Mar 2024 - 16:39:07 WARN  o.s.b.a.o.j.JpaBaseConfiguration$JpaWebConfiguration - spring.jpa.open-in-view is enabled by default. Therefore, database queries may be performed during view rendering. Explicitly configure spring.jpa.open-in-view to disable this warning
05 Mar 2024 - 16:39:07 INFO  o.s.s.web.DefaultSecurityFilterChain - Will secure any request with [org.springframework.security.web.session.DisableEncodeUrlFilter@699794d, org.springframework.security.web.context.request.async.WebAsyncManagerIntegrationFilter@ad7cc49, org.springframework.security.web.context.SecurityContextHolderFilter@e30573c, org.springframework.security.web.header.HeaderWriterFilter@10164e94, org.springframework.security.web.authentication.logout.LogoutFilter@7c4663ec, com.example.config.JwtTokenFilter@487f025, org.springframework.security.web.savedrequest.RequestCacheAwareFilter@39df2652, org.springframework.security.web.servletapi.SecurityContextHolderAwareRequestFilter@52a9c251, org.springframework.security.web.authentication.AnonymousAuthenticationFilter@1f94e1, org.springframework.security.web.access.ExceptionTranslationFilter@1dd1093c, org.springframework.security.web.access.intercept.AuthorizationFilter@60dd53e9]
05 Mar 2024 - 16:39:07 INFO  o.s.b.w.e.tomcat.TomcatWebServer - Tomcat started on port 8080 (http) with context path ''
05 Mar 2024 - 16:39:07 INFO  com.example.YouTubeApplication - Started YouTubeApplication in 6.776 seconds (process running for 7.57)
05 Mar 2024 - 16:39:07 INFO  o.f.c.i.license.VersionPrinter - Flyway Community Edition 9.22.3 by Redgate
05 Mar 2024 - 16:39:07 INFO  o.f.c.i.license.VersionPrinter - See release notes here: https://rd.gt/416ObMi
05 Mar 2024 - 16:39:07 INFO  o.f.c.i.license.VersionPrinter - 
05 Mar 2024 - 16:39:07 INFO  org.flywaydb.core.FlywayExecutor - Database: jdbc:postgresql://localhost:5432/yutobe (PostgreSQL 15.2)
05 Mar 2024 - 16:39:08 INFO  o.f.core.internal.command.DbValidate - Successfully validated 5 migrations (execution time 00:00.032s)
05 Mar 2024 - 16:39:08 INFO  o.f.core.internal.command.DbMigrate - Current version of schema "public": 5
05 Mar 2024 - 16:39:08 INFO  o.f.core.internal.command.DbMigrate - Schema "public" is up to date. No migration necessary.
05 Mar 2024 - 16:42:07 INFO  o.a.c.c.C.[Tomcat].[localhost].[/] - Initializing Spring DispatcherServlet 'dispatcherServlet'
05 Mar 2024 - 16:42:07 INFO  o.s.web.servlet.DispatcherServlet - Initializing Servlet 'dispatcherServlet'
05 Mar 2024 - 16:42:07 INFO  o.s.web.servlet.DispatcherServlet - Completed initialization in 3 ms
05 Mar 2024 - 17:00:24 INFO  o.s.o.j.LocalContainerEntityManagerFactoryBean - Closing JPA EntityManagerFactory for persistence unit 'default'
05 Mar 2024 - 17:00:24 INFO  com.zaxxer.hikari.HikariDataSource - HikariPool-1 - Shutdown initiated...
05 Mar 2024 - 17:00:24 INFO  com.zaxxer.hikari.HikariDataSource - HikariPool-1 - Shutdown completed.
