21 Mar 2024 - 17:24:24 INFO  com.example.YouTubeApplication - Starting YouTubeApplication using Java 21.0.1 with PID 3044 (D:\programer\proekt\yutobe\YouTube\target\classes started by acer in D:\programer\proekt\yutobe\YouTube)
21 Mar 2024 - 17:24:24 INFO  com.example.YouTubeApplication - The following 1 profile is active: "local"
21 Mar 2024 - 17:24:26 INFO  o.s.d.r.c.RepositoryConfigurationDelegate - Bootstrapping Spring Data JPA repositories in DEFAULT mode.
21 Mar 2024 - 17:24:27 INFO  o.s.d.r.c.RepositoryConfigurationDelegate - Finished Spring Data repository scanning in 120 ms. Found 12 JPA repository interfaces.
21 Mar 2024 - 17:24:27 INFO  o.s.b.w.e.tomcat.TomcatWebServer - Tomcat initialized with port 8080 (http)
21 Mar 2024 - 17:24:28 INFO  o.a.catalina.core.StandardService - Starting service [Tomcat]
21 Mar 2024 - 17:24:28 INFO  o.a.catalina.core.StandardEngine - Starting Servlet engine: [Apache Tomcat/10.1.18]
21 Mar 2024 - 17:24:28 INFO  o.a.c.c.C.[Tomcat].[localhost].[/] - Initializing Spring embedded WebApplicationContext
21 Mar 2024 - 17:24:28 INFO  o.s.b.w.s.c.ServletWebServerApplicationContext - Root WebApplicationContext: initialization completed in 3549 ms
21 Mar 2024 - 17:24:28 INFO  o.h.jpa.internal.util.LogHelper - HHH000204: Processing PersistenceUnitInfo [name: default]
21 Mar 2024 - 17:24:28 INFO  org.hibernate.Version - HHH000412: Hibernate ORM core version 6.4.1.Final
21 Mar 2024 - 17:24:28 INFO  o.h.c.i.RegionFactoryInitiator - HHH000026: Second-level cache disabled
21 Mar 2024 - 17:24:28 INFO  o.s.o.j.p.SpringPersistenceUnitInfo - No LoadTimeWeaver setup: ignoring JPA class transformer
21 Mar 2024 - 17:24:28 INFO  com.zaxxer.hikari.HikariDataSource - HikariPool-1 - Starting...
21 Mar 2024 - 17:24:29 INFO  com.zaxxer.hikari.pool.HikariPool - HikariPool-1 - Added connection org.postgresql.jdbc.PgConnection@118cbded
21 Mar 2024 - 17:24:29 INFO  com.zaxxer.hikari.HikariDataSource - HikariPool-1 - Start completed.
21 Mar 2024 - 17:24:30 INFO  o.h.e.t.j.p.i.JtaPlatformInitiator - HHH000489: No JTA platform available (set 'hibernate.transaction.jta.platform' to enable JTA platform integration)
21 Mar 2024 - 17:24:30 INFO  o.s.o.j.LocalContainerEntityManagerFactoryBean - Initialized JPA EntityManagerFactory for persistence unit 'default'
21 Mar 2024 - 17:24:31 INFO  o.s.d.j.r.query.QueryEnhancerFactory - Hibernate is in classpath; If applicable, HQL parser will be used.
21 Mar 2024 - 17:24:32 WARN  o.s.b.a.o.j.JpaBaseConfiguration$JpaWebConfiguration - spring.jpa.open-in-view is enabled by default. Therefore, database queries may be performed during view rendering. Explicitly configure spring.jpa.open-in-view to disable this warning
21 Mar 2024 - 17:24:32 INFO  o.s.s.web.DefaultSecurityFilterChain - Will secure any request with [org.springframework.security.web.session.DisableEncodeUrlFilter@334d96af, org.springframework.security.web.context.request.async.WebAsyncManagerIntegrationFilter@67253518, org.springframework.security.web.context.SecurityContextHolderFilter@7f4f432b, org.springframework.security.web.header.HeaderWriterFilter@60ab906e, org.springframework.security.web.authentication.logout.LogoutFilter@5808573f, com.example.config.JwtTokenFilter@236bb278, org.springframework.security.web.savedrequest.RequestCacheAwareFilter@635900ef, org.springframework.security.web.servletapi.SecurityContextHolderAwareRequestFilter@615d74e9, org.springframework.security.web.authentication.AnonymousAuthenticationFilter@2db55dec, org.springframework.security.web.access.ExceptionTranslationFilter@13c147f8, org.springframework.security.web.access.intercept.AuthorizationFilter@14abde3e]
21 Mar 2024 - 17:24:32 INFO  o.s.b.w.e.tomcat.TomcatWebServer - Tomcat started on port 8080 (http) with context path ''
21 Mar 2024 - 17:24:32 INFO  com.example.YouTubeApplication - Started YouTubeApplication in 9.146 seconds (process running for 10.299)
21 Mar 2024 - 17:24:33 INFO  o.f.c.i.license.VersionPrinter - Flyway Community Edition 9.22.3 by Redgate
21 Mar 2024 - 17:24:33 INFO  o.f.c.i.license.VersionPrinter - See release notes here: https://rd.gt/416ObMi
21 Mar 2024 - 17:24:33 INFO  o.f.c.i.license.VersionPrinter - 
21 Mar 2024 - 17:24:33 INFO  org.flywaydb.core.FlywayExecutor - Database: jdbc:postgresql://localhost:5432/yutobe (PostgreSQL 15.2)
21 Mar 2024 - 17:24:33 INFO  o.f.core.internal.command.DbValidate - Successfully validated 5 migrations (execution time 00:00.018s)
21 Mar 2024 - 17:24:33 INFO  o.f.core.internal.command.DbMigrate - Current version of schema "public": 5
21 Mar 2024 - 17:24:33 ERROR o.f.core.internal.command.DbMigrate - Schema "public" has version 5, but no migration could be resolved in the configured locations !
21 Mar 2024 - 17:24:33 INFO  o.f.core.internal.command.DbMigrate - Schema "public" is up to date. No migration necessary.
21 Mar 2024 - 17:25:04 INFO  o.a.c.c.C.[Tomcat].[localhost].[/] - Initializing Spring DispatcherServlet 'dispatcherServlet'
21 Mar 2024 - 17:25:04 INFO  o.s.web.servlet.DispatcherServlet - Initializing Servlet 'dispatcherServlet'
21 Mar 2024 - 17:25:04 INFO  o.s.web.servlet.DispatcherServlet - Completed initialization in 0 ms
21 Mar 2024 - 18:33:54 WARN  com.zaxxer.hikari.pool.HikariPool - HikariPool-1 - Thread starvation or clock leap detected (housekeeper delta=50m25s509ms659µs900ns).
21 Mar 2024 - 20:39:36 INFO  com.example.YouTubeApplication - Starting YouTubeApplication using Java 21.0.1 with PID 8384 (D:\programer\proekt\yutobe\YouTube\target\classes started by acer in D:\programer\proekt\yutobe\YouTube)
21 Mar 2024 - 20:39:36 INFO  com.example.YouTubeApplication - The following 1 profile is active: "local"
21 Mar 2024 - 20:39:38 INFO  o.s.d.r.c.RepositoryConfigurationDelegate - Bootstrapping Spring Data JPA repositories in DEFAULT mode.
21 Mar 2024 - 20:39:38 INFO  o.s.d.r.c.RepositoryConfigurationDelegate - Finished Spring Data repository scanning in 67 ms. Found 12 JPA repository interfaces.
21 Mar 2024 - 20:39:39 INFO  o.s.b.w.e.tomcat.TomcatWebServer - Tomcat initialized with port 8080 (http)
21 Mar 2024 - 20:39:39 INFO  o.a.catalina.core.StandardService - Starting service [Tomcat]
21 Mar 2024 - 20:39:39 INFO  o.a.catalina.core.StandardEngine - Starting Servlet engine: [Apache Tomcat/10.1.18]
21 Mar 2024 - 20:39:39 INFO  o.a.c.c.C.[Tomcat].[localhost].[/] - Initializing Spring embedded WebApplicationContext
21 Mar 2024 - 20:39:39 INFO  o.s.b.w.s.c.ServletWebServerApplicationContext - Root WebApplicationContext: initialization completed in 2667 ms
21 Mar 2024 - 20:39:39 INFO  o.h.jpa.internal.util.LogHelper - HHH000204: Processing PersistenceUnitInfo [name: default]
21 Mar 2024 - 20:39:39 INFO  org.hibernate.Version - HHH000412: Hibernate ORM core version 6.4.1.Final
21 Mar 2024 - 20:39:39 INFO  o.h.c.i.RegionFactoryInitiator - HHH000026: Second-level cache disabled
21 Mar 2024 - 20:39:40 INFO  o.s.o.j.p.SpringPersistenceUnitInfo - No LoadTimeWeaver setup: ignoring JPA class transformer
21 Mar 2024 - 20:39:40 INFO  com.zaxxer.hikari.HikariDataSource - HikariPool-1 - Starting...
21 Mar 2024 - 20:39:40 INFO  com.zaxxer.hikari.pool.HikariPool - HikariPool-1 - Added connection org.postgresql.jdbc.PgConnection@1d637673
21 Mar 2024 - 20:39:40 INFO  com.zaxxer.hikari.HikariDataSource - HikariPool-1 - Start completed.
21 Mar 2024 - 20:39:41 INFO  o.h.e.t.j.p.i.JtaPlatformInitiator - HHH000489: No JTA platform available (set 'hibernate.transaction.jta.platform' to enable JTA platform integration)
21 Mar 2024 - 20:39:41 INFO  o.s.o.j.LocalContainerEntityManagerFactoryBean - Initialized JPA EntityManagerFactory for persistence unit 'default'
21 Mar 2024 - 20:39:42 INFO  o.s.d.j.r.query.QueryEnhancerFactory - Hibernate is in classpath; If applicable, HQL parser will be used.
21 Mar 2024 - 20:39:43 WARN  o.s.b.a.o.j.JpaBaseConfiguration$JpaWebConfiguration - spring.jpa.open-in-view is enabled by default. Therefore, database queries may be performed during view rendering. Explicitly configure spring.jpa.open-in-view to disable this warning
21 Mar 2024 - 20:39:43 WARN  o.s.b.w.s.c.AnnotationConfigServletWebServerApplicationContext - Exception encountered during context initialization - cancelling refresh attempt: org.springframework.beans.factory.BeanCreationException: Error creating bean with name 'securityFilterChain' defined in class path resource [com/example/config/SpringSecurityConfig.class]: Failed to instantiate [org.springframework.security.web.SecurityFilterChain]: Factory method 'securityFilterChain' threw exception with message: Error creating bean with name 'mvcHandlerMappingIntrospector' defined in class path resource [org/springframework/boot/autoconfigure/web/servlet/WebMvcAutoConfiguration$EnableWebMvcConfiguration.class]: Error creating bean with name 'requestMappingHandlerMapping' defined in class path resource [org/springframework/boot/autoconfigure/web/servlet/WebMvcAutoConfiguration$EnableWebMvcConfiguration.class]: Ambiguous mapping. Cannot map 'subscriptionController' method 
com.example.controller.SubscriptionController#changeSubscriptionNotificationType(ChangeSubscriptionInfoNotificationType)
to {PUT [/subscription/update]}: There is already 'subscriptionController' bean method
com.example.controller.SubscriptionController#changeSubscription(ChangeSubscriptionInfoStatus) mapped.
21 Mar 2024 - 20:39:43 INFO  o.s.o.j.LocalContainerEntityManagerFactoryBean - Closing JPA EntityManagerFactory for persistence unit 'default'
21 Mar 2024 - 20:39:43 INFO  com.zaxxer.hikari.HikariDataSource - HikariPool-1 - Shutdown initiated...
21 Mar 2024 - 20:39:43 INFO  com.zaxxer.hikari.HikariDataSource - HikariPool-1 - Shutdown completed.
21 Mar 2024 - 20:39:43 INFO  o.a.catalina.core.StandardService - Stopping service [Tomcat]
21 Mar 2024 - 20:39:43 INFO  o.s.b.a.l.ConditionEvaluationReportLogger - 

Error starting ApplicationContext. To display the condition evaluation report re-run your application with 'debug' enabled.
21 Mar 2024 - 20:39:43 ERROR o.s.boot.SpringApplication - Application run failed
org.springframework.beans.factory.BeanCreationException: Error creating bean with name 'securityFilterChain' defined in class path resource [com/example/config/SpringSecurityConfig.class]: Failed to instantiate [org.springframework.security.web.SecurityFilterChain]: Factory method 'securityFilterChain' threw exception with message: Error creating bean with name 'mvcHandlerMappingIntrospector' defined in class path resource [org/springframework/boot/autoconfigure/web/servlet/WebMvcAutoConfiguration$EnableWebMvcConfiguration.class]: Error creating bean with name 'requestMappingHandlerMapping' defined in class path resource [org/springframework/boot/autoconfigure/web/servlet/WebMvcAutoConfiguration$EnableWebMvcConfiguration.class]: Ambiguous mapping. Cannot map 'subscriptionController' method 
com.example.controller.SubscriptionController#changeSubscriptionNotificationType(ChangeSubscriptionInfoNotificationType)
to {PUT [/subscription/update]}: There is already 'subscriptionController' bean method
com.example.controller.SubscriptionController#changeSubscription(ChangeSubscriptionInfoStatus) mapped.
	at org.springframework.beans.factory.support.ConstructorResolver.instantiate(ConstructorResolver.java:651)
	at org.springframework.beans.factory.support.ConstructorResolver.instantiateUsingFactoryMethod(ConstructorResolver.java:639)
	at org.springframework.beans.factory.support.AbstractAutowireCapableBeanFactory.instantiateUsingFactoryMethod(AbstractAutowireCapableBeanFactory.java:1334)
	at org.springframework.beans.factory.support.AbstractAutowireCapableBeanFactory.createBeanInstance(AbstractAutowireCapableBeanFactory.java:1164)
	at org.springframework.beans.factory.support.AbstractAutowireCapableBeanFactory.doCreateBean(AbstractAutowireCapableBeanFactory.java:561)
	at org.springframework.beans.factory.support.AbstractAutowireCapableBeanFactory.createBean(AbstractAutowireCapableBeanFactory.java:521)
	at org.springframework.beans.factory.support.AbstractBeanFactory.lambda$doGetBean$0(AbstractBeanFactory.java:325)
	at org.springframework.beans.factory.support.DefaultSingletonBeanRegistry.getSingleton(DefaultSingletonBeanRegistry.java:234)
	at org.springframework.beans.factory.support.AbstractBeanFactory.doGetBean(AbstractBeanFactory.java:323)
	at org.springframework.beans.factory.support.AbstractBeanFactory.getBean(AbstractBeanFactory.java:199)
	at org.springframework.beans.factory.support.DefaultListableBeanFactory.preInstantiateSingletons(DefaultListableBeanFactory.java:975)
	at org.springframework.context.support.AbstractApplicationContext.finishBeanFactoryInitialization(AbstractApplicationContext.java:959)
	at org.springframework.context.support.AbstractApplicationContext.refresh(AbstractApplicationContext.java:624)
	at org.springframework.boot.web.servlet.context.ServletWebServerApplicationContext.refresh(ServletWebServerApplicationContext.java:146)
	at org.springframework.boot.SpringApplication.refresh(SpringApplication.java:754)
	at org.springframework.boot.SpringApplication.refreshContext(SpringApplication.java:456)
	at org.springframework.boot.SpringApplication.run(SpringApplication.java:334)
	at org.springframework.boot.SpringApplication.run(SpringApplication.java:1354)
	at org.springframework.boot.SpringApplication.run(SpringApplication.java:1343)
	at com.example.YouTubeApplication.main(YouTubeApplication.java:10)
Caused by: org.springframework.beans.BeanInstantiationException: Failed to instantiate [org.springframework.security.web.SecurityFilterChain]: Factory method 'securityFilterChain' threw exception with message: Error creating bean with name 'mvcHandlerMappingIntrospector' defined in class path resource [org/springframework/boot/autoconfigure/web/servlet/WebMvcAutoConfiguration$EnableWebMvcConfiguration.class]: Error creating bean with name 'requestMappingHandlerMapping' defined in class path resource [org/springframework/boot/autoconfigure/web/servlet/WebMvcAutoConfiguration$EnableWebMvcConfiguration.class]: Ambiguous mapping. Cannot map 'subscriptionController' method 
com.example.controller.SubscriptionController#changeSubscriptionNotificationType(ChangeSubscriptionInfoNotificationType)
to {PUT [/subscription/update]}: There is already 'subscriptionController' bean method
com.example.controller.SubscriptionController#changeSubscription(ChangeSubscriptionInfoStatus) mapped.
	at org.springframework.beans.factory.support.SimpleInstantiationStrategy.instantiate(SimpleInstantiationStrategy.java:177)
	at org.springframework.beans.factory.support.ConstructorResolver.instantiate(ConstructorResolver.java:647)
	... 19 common frames omitted
Caused by: org.springframework.beans.factory.BeanCreationException: Error creating bean with name 'mvcHandlerMappingIntrospector' defined in class path resource [org/springframework/boot/autoconfigure/web/servlet/WebMvcAutoConfiguration$EnableWebMvcConfiguration.class]: Error creating bean with name 'requestMappingHandlerMapping' defined in class path resource [org/springframework/boot/autoconfigure/web/servlet/WebMvcAutoConfiguration$EnableWebMvcConfiguration.class]: Ambiguous mapping. Cannot map 'subscriptionController' method 
com.example.controller.SubscriptionController#changeSubscriptionNotificationType(ChangeSubscriptionInfoNotificationType)
to {PUT [/subscription/update]}: There is already 'subscriptionController' bean method
com.example.controller.SubscriptionController#changeSubscription(ChangeSubscriptionInfoStatus) mapped.
	at org.springframework.beans.factory.support.AbstractAutowireCapableBeanFactory.initializeBean(AbstractAutowireCapableBeanFactory.java:1773)
	at org.springframework.beans.factory.support.AbstractAutowireCapableBeanFactory.doCreateBean(AbstractAutowireCapableBeanFactory.java:599)
	at org.springframework.beans.factory.support.AbstractAutowireCapableBeanFactory.createBean(AbstractAutowireCapableBeanFactory.java:521)
	at org.springframework.beans.factory.support.AbstractBeanFactory.lambda$doGetBean$0(AbstractBeanFactory.java:325)
	at org.springframework.beans.factory.support.DefaultSingletonBeanRegistry.getSingleton(DefaultSingletonBeanRegistry.java:234)
	at org.springframework.beans.factory.support.AbstractBeanFactory.doGetBean(AbstractBeanFactory.java:323)
	at org.springframework.beans.factory.support.AbstractBeanFactory.getBean(AbstractBeanFactory.java:204)
	at org.springframework.context.support.AbstractApplicationContext.getBean(AbstractApplicationContext.java:1237)
	at org.springframework.security.config.annotation.web.AbstractRequestMatcherRegistry.createMvcMatchers(AbstractRequestMatcherRegistry.java:119)
	at org.springframework.security.config.annotation.web.AbstractRequestMatcherRegistry.requestMatchers(AbstractRequestMatcherRegistry.java:210)
	at org.springframework.security.config.annotation.web.AbstractRequestMatcherRegistry.requestMatchers(AbstractRequestMatcherRegistry.java:368)
	at com.example.config.SpringSecurityConfig.lambda$securityFilterChain$0(SpringSecurityConfig.java:61)
	at org.springframework.security.config.annotation.web.builders.HttpSecurity.authorizeHttpRequests(HttpSecurity.java:1467)
	at com.example.config.SpringSecurityConfig.securityFilterChain(SpringSecurityConfig.java:59)
	at com.example.config.SpringSecurityConfig$$SpringCGLIB$$0.CGLIB$securityFilterChain$0(<generated>)
	at com.example.config.SpringSecurityConfig$$SpringCGLIB$$FastClass$$1.invoke(<generated>)
	at org.springframework.cglib.proxy.MethodProxy.invokeSuper(MethodProxy.java:258)
	at org.springframework.context.annotation.ConfigurationClassEnhancer$BeanMethodInterceptor.intercept(ConfigurationClassEnhancer.java:331)
	at com.example.config.SpringSecurityConfig$$SpringCGLIB$$0.securityFilterChain(<generated>)
	at java.base/jdk.internal.reflect.DirectMethodHandleAccessor.invoke(DirectMethodHandleAccessor.java:103)
	at java.base/java.lang.reflect.Method.invoke(Method.java:580)
	at org.springframework.beans.factory.support.SimpleInstantiationStrategy.instantiate(SimpleInstantiationStrategy.java:140)
	... 20 common frames omitted
Caused by: org.springframework.beans.factory.BeanCreationException: Error creating bean with name 'requestMappingHandlerMapping' defined in class path resource [org/springframework/boot/autoconfigure/web/servlet/WebMvcAutoConfiguration$EnableWebMvcConfiguration.class]: Ambiguous mapping. Cannot map 'subscriptionController' method 
com.example.controller.SubscriptionController#changeSubscriptionNotificationType(ChangeSubscriptionInfoNotificationType)
to {PUT [/subscription/update]}: There is already 'subscriptionController' bean method
com.example.controller.SubscriptionController#changeSubscription(ChangeSubscriptionInfoStatus) mapped.
	at org.springframework.beans.factory.support.AbstractAutowireCapableBeanFactory.initializeBean(AbstractAutowireCapableBeanFactory.java:1773)
	at org.springframework.beans.factory.support.AbstractAutowireCapableBeanFactory.doCreateBean(AbstractAutowireCapableBeanFactory.java:599)
	at org.springframework.beans.factory.support.AbstractAutowireCapableBeanFactory.createBean(AbstractAutowireCapableBeanFactory.java:521)
	at org.springframework.beans.factory.support.AbstractBeanFactory.lambda$doGetBean$0(AbstractBeanFactory.java:325)
	at org.springframework.beans.factory.support.DefaultSingletonBeanRegistry.getSingleton(DefaultSingletonBeanRegistry.java:234)
	at org.springframework.beans.factory.support.AbstractBeanFactory.doGetBean(AbstractBeanFactory.java:323)
	at org.springframework.beans.factory.support.AbstractBeanFactory.getBean(AbstractBeanFactory.java:199)
	at org.springframework.beans.factory.support.DefaultListableBeanFactory.getBeansOfType(DefaultListableBeanFactory.java:665)
	at org.springframework.context.support.AbstractApplicationContext.getBeansOfType(AbstractApplicationContext.java:1385)
	at org.springframework.beans.factory.BeanFactoryUtils.beansOfTypeIncludingAncestors(BeanFactoryUtils.java:368)
	at org.springframework.web.servlet.handler.HandlerMappingIntrospector.initHandlerMappings(HandlerMappingIntrospector.java:130)
	at org.springframework.web.servlet.handler.HandlerMappingIntrospector.afterPropertiesSet(HandlerMappingIntrospector.java:118)
	at org.springframework.beans.factory.support.AbstractAutowireCapableBeanFactory.invokeInitMethods(AbstractAutowireCapableBeanFactory.java:1820)
	at org.springframework.beans.factory.support.AbstractAutowireCapableBeanFactory.initializeBean(AbstractAutowireCapableBeanFactory.java:1769)
	... 41 common frames omitted
Caused by: java.lang.IllegalStateException: Ambiguous mapping. Cannot map 'subscriptionController' method 
com.example.controller.SubscriptionController#changeSubscriptionNotificationType(ChangeSubscriptionInfoNotificationType)
to {PUT [/subscription/update]}: There is already 'subscriptionController' bean method
com.example.controller.SubscriptionController#changeSubscription(ChangeSubscriptionInfoStatus) mapped.
	at org.springframework.web.servlet.handler.AbstractHandlerMethodMapping$MappingRegistry.validateMethodMapping(AbstractHandlerMethodMapping.java:671)
	at org.springframework.web.servlet.handler.AbstractHandlerMethodMapping$MappingRegistry.register(AbstractHandlerMethodMapping.java:633)
	at org.springframework.web.servlet.handler.AbstractHandlerMethodMapping.registerHandlerMethod(AbstractHandlerMethodMapping.java:331)
	at org.springframework.web.servlet.mvc.method.annotation.RequestMappingHandlerMapping.registerHandlerMethod(RequestMappingHandlerMapping.java:486)
	at org.springframework.web.servlet.mvc.method.annotation.RequestMappingHandlerMapping.registerHandlerMethod(RequestMappingHandlerMapping.java:79)
	at org.springframework.web.servlet.handler.AbstractHandlerMethodMapping.lambda$detectHandlerMethods$2(AbstractHandlerMethodMapping.java:298)
	at java.base/java.util.LinkedHashMap.forEach(LinkedHashMap.java:986)
	at org.springframework.web.servlet.handler.AbstractHandlerMethodMapping.detectHandlerMethods(AbstractHandlerMethodMapping.java:296)
	at org.springframework.web.servlet.handler.AbstractHandlerMethodMapping.processCandidateBean(AbstractHandlerMethodMapping.java:265)
	at org.springframework.web.servlet.handler.AbstractHandlerMethodMapping.initHandlerMethods(AbstractHandlerMethodMapping.java:224)
	at org.springframework.web.servlet.handler.AbstractHandlerMethodMapping.afterPropertiesSet(AbstractHandlerMethodMapping.java:212)
	at org.springframework.web.servlet.mvc.method.annotation.RequestMappingHandlerMapping.afterPropertiesSet(RequestMappingHandlerMapping.java:233)
	at org.springframework.beans.factory.support.AbstractAutowireCapableBeanFactory.invokeInitMethods(AbstractAutowireCapableBeanFactory.java:1820)
	at org.springframework.beans.factory.support.AbstractAutowireCapableBeanFactory.initializeBean(AbstractAutowireCapableBeanFactory.java:1769)
	... 54 common frames omitted
21 Mar 2024 - 20:41:38 INFO  com.example.YouTubeApplication - Starting YouTubeApplication using Java 21.0.1 with PID 12348 (D:\programer\proekt\yutobe\YouTube\target\classes started by acer in D:\programer\proekt\yutobe\YouTube)
21 Mar 2024 - 20:41:38 INFO  com.example.YouTubeApplication - The following 1 profile is active: "local"
21 Mar 2024 - 20:41:39 INFO  o.s.d.r.c.RepositoryConfigurationDelegate - Bootstrapping Spring Data JPA repositories in DEFAULT mode.
21 Mar 2024 - 20:41:39 INFO  o.s.d.r.c.RepositoryConfigurationDelegate - Finished Spring Data repository scanning in 73 ms. Found 12 JPA repository interfaces.
21 Mar 2024 - 20:41:39 INFO  o.s.b.w.e.tomcat.TomcatWebServer - Tomcat initialized with port 8080 (http)
21 Mar 2024 - 20:41:39 INFO  o.a.catalina.core.StandardService - Starting service [Tomcat]
21 Mar 2024 - 20:41:39 INFO  o.a.catalina.core.StandardEngine - Starting Servlet engine: [Apache Tomcat/10.1.18]
21 Mar 2024 - 20:41:39 INFO  o.a.c.c.C.[Tomcat].[localhost].[/] - Initializing Spring embedded WebApplicationContext
21 Mar 2024 - 20:41:39 INFO  o.s.b.w.s.c.ServletWebServerApplicationContext - Root WebApplicationContext: initialization completed in 1539 ms
21 Mar 2024 - 20:41:40 INFO  o.h.jpa.internal.util.LogHelper - HHH000204: Processing PersistenceUnitInfo [name: default]
21 Mar 2024 - 20:41:40 INFO  org.hibernate.Version - HHH000412: Hibernate ORM core version 6.4.1.Final
21 Mar 2024 - 20:41:40 INFO  o.h.c.i.RegionFactoryInitiator - HHH000026: Second-level cache disabled
21 Mar 2024 - 20:41:40 INFO  o.s.o.j.p.SpringPersistenceUnitInfo - No LoadTimeWeaver setup: ignoring JPA class transformer
21 Mar 2024 - 20:41:40 INFO  com.zaxxer.hikari.HikariDataSource - HikariPool-1 - Starting...
21 Mar 2024 - 20:41:40 INFO  com.zaxxer.hikari.pool.HikariPool - HikariPool-1 - Added connection org.postgresql.jdbc.PgConnection@e521067
21 Mar 2024 - 20:41:40 INFO  com.zaxxer.hikari.HikariDataSource - HikariPool-1 - Start completed.
21 Mar 2024 - 20:41:41 INFO  o.h.e.t.j.p.i.JtaPlatformInitiator - HHH000489: No JTA platform available (set 'hibernate.transaction.jta.platform' to enable JTA platform integration)
21 Mar 2024 - 20:41:41 INFO  o.s.o.j.LocalContainerEntityManagerFactoryBean - Initialized JPA EntityManagerFactory for persistence unit 'default'
21 Mar 2024 - 20:41:42 INFO  o.s.d.j.r.query.QueryEnhancerFactory - Hibernate is in classpath; If applicable, HQL parser will be used.
21 Mar 2024 - 20:41:43 WARN  o.s.b.a.o.j.JpaBaseConfiguration$JpaWebConfiguration - spring.jpa.open-in-view is enabled by default. Therefore, database queries may be performed during view rendering. Explicitly configure spring.jpa.open-in-view to disable this warning
21 Mar 2024 - 20:41:43 INFO  o.s.s.web.DefaultSecurityFilterChain - Will secure any request with [org.springframework.security.web.session.DisableEncodeUrlFilter@2f48adcc, org.springframework.security.web.context.request.async.WebAsyncManagerIntegrationFilter@6adee80f, org.springframework.security.web.context.SecurityContextHolderFilter@406ea770, org.springframework.security.web.header.HeaderWriterFilter@6a7c0932, org.springframework.security.web.authentication.logout.LogoutFilter@64e6f678, com.example.config.JwtTokenFilter@58e0f079, org.springframework.security.web.savedrequest.RequestCacheAwareFilter@23fed844, org.springframework.security.web.servletapi.SecurityContextHolderAwareRequestFilter@7b0f5814, org.springframework.security.web.authentication.AnonymousAuthenticationFilter@180466a9, org.springframework.security.web.access.ExceptionTranslationFilter@5269aa68, org.springframework.security.web.access.intercept.AuthorizationFilter@46769bd6]
21 Mar 2024 - 20:41:44 INFO  o.s.b.w.e.tomcat.TomcatWebServer - Tomcat started on port 8080 (http) with context path ''
21 Mar 2024 - 20:41:44 INFO  com.example.YouTubeApplication - Started YouTubeApplication in 6.204 seconds (process running for 6.992)
21 Mar 2024 - 20:41:44 INFO  o.f.c.i.license.VersionPrinter - Flyway Community Edition 9.22.3 by Redgate
21 Mar 2024 - 20:41:44 INFO  o.f.c.i.license.VersionPrinter - See release notes here: https://rd.gt/416ObMi
21 Mar 2024 - 20:41:44 INFO  o.f.c.i.license.VersionPrinter - 
21 Mar 2024 - 20:41:44 INFO  org.flywaydb.core.FlywayExecutor - Database: jdbc:postgresql://localhost:5432/yutobe (PostgreSQL 15.2)
21 Mar 2024 - 20:41:44 INFO  o.f.core.internal.command.DbValidate - Successfully validated 5 migrations (execution time 00:00.025s)
21 Mar 2024 - 20:41:44 INFO  o.f.core.internal.command.DbMigrate - Current version of schema "public": 5
21 Mar 2024 - 20:41:44 ERROR o.f.core.internal.command.DbMigrate - Schema "public" has version 5, but no migration could be resolved in the configured locations !
21 Mar 2024 - 20:41:44 INFO  o.f.core.internal.command.DbMigrate - Schema "public" is up to date. No migration necessary.
21 Mar 2024 - 20:41:51 INFO  o.a.c.c.C.[Tomcat].[localhost].[/] - Initializing Spring DispatcherServlet 'dispatcherServlet'
21 Mar 2024 - 20:41:51 INFO  o.s.web.servlet.DispatcherServlet - Initializing Servlet 'dispatcherServlet'
21 Mar 2024 - 20:41:51 INFO  o.s.web.servlet.DispatcherServlet - Completed initialization in 1 ms
21 Mar 2024 - 22:22:23 WARN  com.zaxxer.hikari.pool.HikariPool - HikariPool-1 - Thread starvation or clock leap detected (housekeeper delta=1h24m9s207ms96µs900ns).
