29 Feb 2024 - 19:17:00 INFO  com.example.YouTubeApplication - Starting YouTubeApplication using Java 21.0.1 with PID 3128 (D:\programer\proekt\yutobe\YouTube\target\classes started by acer in D:\programer\proekt\yutobe\YouTube)
29 Feb 2024 - 19:17:00 INFO  com.example.YouTubeApplication - The following 1 profile is active: "local"
29 Feb 2024 - 19:17:02 INFO  o.s.d.r.c.RepositoryConfigurationDelegate - Bootstrapping Spring Data JPA repositories in DEFAULT mode.
29 Feb 2024 - 19:17:02 INFO  o.s.d.r.c.RepositoryConfigurationDelegate - Finished Spring Data repository scanning in 68 ms. Found 7 JPA repository interfaces.
29 Feb 2024 - 19:17:03 INFO  o.s.b.w.e.tomcat.TomcatWebServer - Tomcat initialized with port 8080 (http)
29 Feb 2024 - 19:17:03 INFO  o.a.catalina.core.StandardService - Starting service [Tomcat]
29 Feb 2024 - 19:17:03 INFO  o.a.catalina.core.StandardEngine - Starting Servlet engine: [Apache Tomcat/10.1.18]
29 Feb 2024 - 19:17:03 INFO  o.a.c.c.C.[Tomcat].[localhost].[/] - Initializing Spring embedded WebApplicationContext
29 Feb 2024 - 19:17:03 INFO  o.s.b.w.s.c.ServletWebServerApplicationContext - Root WebApplicationContext: initialization completed in 2424 ms
29 Feb 2024 - 19:17:03 INFO  o.h.jpa.internal.util.LogHelper - HHH000204: Processing PersistenceUnitInfo [name: default]
29 Feb 2024 - 19:17:03 INFO  org.hibernate.Version - HHH000412: Hibernate ORM core version 6.4.1.Final
29 Feb 2024 - 19:17:03 INFO  o.h.c.i.RegionFactoryInitiator - HHH000026: Second-level cache disabled
29 Feb 2024 - 19:17:03 INFO  o.s.o.j.p.SpringPersistenceUnitInfo - No LoadTimeWeaver setup: ignoring JPA class transformer
29 Feb 2024 - 19:17:03 INFO  com.zaxxer.hikari.HikariDataSource - HikariPool-1 - Starting...
29 Feb 2024 - 19:17:04 INFO  com.zaxxer.hikari.pool.HikariPool - HikariPool-1 - Added connection org.postgresql.jdbc.PgConnection@5d84e363
29 Feb 2024 - 19:17:04 INFO  com.zaxxer.hikari.HikariDataSource - HikariPool-1 - Start completed.
29 Feb 2024 - 19:17:05 INFO  o.h.e.t.j.p.i.JtaPlatformInitiator - HHH000489: No JTA platform available (set 'hibernate.transaction.jta.platform' to enable JTA platform integration)
29 Feb 2024 - 19:17:05 INFO  o.s.o.j.LocalContainerEntityManagerFactoryBean - Initialized JPA EntityManagerFactory for persistence unit 'default'
29 Feb 2024 - 19:17:06 INFO  o.s.d.j.r.query.QueryEnhancerFactory - Hibernate is in classpath; If applicable, HQL parser will be used.
29 Feb 2024 - 19:17:07 WARN  o.s.b.a.o.j.JpaBaseConfiguration$JpaWebConfiguration - spring.jpa.open-in-view is enabled by default. Therefore, database queries may be performed during view rendering. Explicitly configure spring.jpa.open-in-view to disable this warning
29 Feb 2024 - 19:17:07 INFO  o.s.s.web.DefaultSecurityFilterChain - Will secure any request with [org.springframework.security.web.session.DisableEncodeUrlFilter@10014459, org.springframework.security.web.context.request.async.WebAsyncManagerIntegrationFilter@6ab56a77, org.springframework.security.web.context.SecurityContextHolderFilter@51a7ee4e, org.springframework.security.web.header.HeaderWriterFilter@62ee32c6, org.springframework.security.web.authentication.logout.LogoutFilter@4ac7f844, com.example.config.JwtTokenFilter@c509742, org.springframework.security.web.savedrequest.RequestCacheAwareFilter@7bb3cbb4, org.springframework.security.web.servletapi.SecurityContextHolderAwareRequestFilter@3fcc58f8, org.springframework.security.web.authentication.AnonymousAuthenticationFilter@216a3aba, org.springframework.security.web.access.ExceptionTranslationFilter@2b35dde3, org.springframework.security.web.access.intercept.AuthorizationFilter@3ddec942]
29 Feb 2024 - 19:17:07 INFO  o.s.b.w.e.tomcat.TomcatWebServer - Tomcat started on port 8080 (http) with context path ''
29 Feb 2024 - 19:17:07 INFO  com.example.YouTubeApplication - Started YouTubeApplication in 7.504 seconds (process running for 8.545)
29 Feb 2024 - 19:17:07 INFO  o.f.c.i.license.VersionPrinter - Flyway Community Edition 9.22.3 by Redgate
29 Feb 2024 - 19:17:07 INFO  o.f.c.i.license.VersionPrinter - See release notes here: https://rd.gt/416ObMi
29 Feb 2024 - 19:17:07 INFO  o.f.c.i.license.VersionPrinter - 
29 Feb 2024 - 19:17:07 INFO  org.flywaydb.core.FlywayExecutor - Database: jdbc:postgresql://localhost:5432/yutobe (PostgreSQL 15.2)
29 Feb 2024 - 19:17:07 INFO  o.f.core.internal.command.DbValidate - Successfully validated 5 migrations (execution time 00:00.024s)
29 Feb 2024 - 19:17:07 INFO  o.f.core.internal.command.DbMigrate - Current version of schema "public": 5
29 Feb 2024 - 19:17:07 INFO  o.f.core.internal.command.DbMigrate - Schema "public" is up to date. No migration necessary.
29 Feb 2024 - 19:18:13 INFO  o.a.c.c.C.[Tomcat].[localhost].[/] - Initializing Spring DispatcherServlet 'dispatcherServlet'
29 Feb 2024 - 19:18:13 INFO  o.s.web.servlet.DispatcherServlet - Initializing Servlet 'dispatcherServlet'
29 Feb 2024 - 19:18:13 INFO  o.s.web.servlet.DispatcherServlet - Completed initialization in 1 ms
29 Feb 2024 - 19:18:50 INFO  o.s.o.j.LocalContainerEntityManagerFactoryBean - Closing JPA EntityManagerFactory for persistence unit 'default'
29 Feb 2024 - 19:18:50 INFO  com.zaxxer.hikari.HikariDataSource - HikariPool-1 - Shutdown initiated...
29 Feb 2024 - 19:18:50 INFO  com.zaxxer.hikari.HikariDataSource - HikariPool-1 - Shutdown completed.
29 Feb 2024 - 19:18:54 INFO  com.example.YouTubeApplication - Starting YouTubeApplication using Java 21.0.1 with PID 284 (D:\programer\proekt\yutobe\YouTube\target\classes started by acer in D:\programer\proekt\yutobe\YouTube)
29 Feb 2024 - 19:18:55 INFO  com.example.YouTubeApplication - The following 1 profile is active: "local"
29 Feb 2024 - 19:18:55 INFO  o.s.d.r.c.RepositoryConfigurationDelegate - Bootstrapping Spring Data JPA repositories in DEFAULT mode.
29 Feb 2024 - 19:18:55 INFO  o.s.d.r.c.RepositoryConfigurationDelegate - Finished Spring Data repository scanning in 62 ms. Found 7 JPA repository interfaces.
29 Feb 2024 - 19:18:56 INFO  o.s.b.w.e.tomcat.TomcatWebServer - Tomcat initialized with port 8080 (http)
29 Feb 2024 - 19:18:56 INFO  o.a.catalina.core.StandardService - Starting service [Tomcat]
29 Feb 2024 - 19:18:56 INFO  o.a.catalina.core.StandardEngine - Starting Servlet engine: [Apache Tomcat/10.1.18]
29 Feb 2024 - 19:18:56 INFO  o.a.c.c.C.[Tomcat].[localhost].[/] - Initializing Spring embedded WebApplicationContext
29 Feb 2024 - 19:18:56 INFO  o.s.b.w.s.c.ServletWebServerApplicationContext - Root WebApplicationContext: initialization completed in 1451 ms
29 Feb 2024 - 19:18:56 INFO  o.h.jpa.internal.util.LogHelper - HHH000204: Processing PersistenceUnitInfo [name: default]
29 Feb 2024 - 19:18:56 INFO  org.hibernate.Version - HHH000412: Hibernate ORM core version 6.4.1.Final
29 Feb 2024 - 19:18:56 INFO  o.h.c.i.RegionFactoryInitiator - HHH000026: Second-level cache disabled
29 Feb 2024 - 19:18:56 INFO  o.s.o.j.p.SpringPersistenceUnitInfo - No LoadTimeWeaver setup: ignoring JPA class transformer
29 Feb 2024 - 19:18:56 INFO  com.zaxxer.hikari.HikariDataSource - HikariPool-1 - Starting...
29 Feb 2024 - 19:18:57 INFO  com.zaxxer.hikari.pool.HikariPool - HikariPool-1 - Added connection org.postgresql.jdbc.PgConnection@5c839677
29 Feb 2024 - 19:18:57 INFO  com.zaxxer.hikari.HikariDataSource - HikariPool-1 - Start completed.
29 Feb 2024 - 19:18:58 INFO  o.h.e.t.j.p.i.JtaPlatformInitiator - HHH000489: No JTA platform available (set 'hibernate.transaction.jta.platform' to enable JTA platform integration)
29 Feb 2024 - 19:18:58 INFO  o.s.o.j.LocalContainerEntityManagerFactoryBean - Initialized JPA EntityManagerFactory for persistence unit 'default'
29 Feb 2024 - 19:18:58 INFO  o.s.d.j.r.query.QueryEnhancerFactory - Hibernate is in classpath; If applicable, HQL parser will be used.
29 Feb 2024 - 19:18:59 WARN  o.s.b.a.o.j.JpaBaseConfiguration$JpaWebConfiguration - spring.jpa.open-in-view is enabled by default. Therefore, database queries may be performed during view rendering. Explicitly configure spring.jpa.open-in-view to disable this warning
29 Feb 2024 - 19:18:59 INFO  o.s.s.web.DefaultSecurityFilterChain - Will secure any request with [org.springframework.security.web.session.DisableEncodeUrlFilter@2b35dde3, org.springframework.security.web.context.request.async.WebAsyncManagerIntegrationFilter@276511ca, org.springframework.security.web.context.SecurityContextHolderFilter@6f9c272b, org.springframework.security.web.header.HeaderWriterFilter@745e1fb7, org.springframework.security.web.authentication.logout.LogoutFilter@73602e88, com.example.config.JwtTokenFilter@49467fc6, org.springframework.security.web.savedrequest.RequestCacheAwareFilter@64b7719f, org.springframework.security.web.servletapi.SecurityContextHolderAwareRequestFilter@414b785c, org.springframework.security.web.authentication.AnonymousAuthenticationFilter@62ee32c6, org.springframework.security.web.access.ExceptionTranslationFilter@46984524, org.springframework.security.web.access.intercept.AuthorizationFilter@54422189]
29 Feb 2024 - 19:19:00 INFO  o.s.b.w.e.tomcat.TomcatWebServer - Tomcat started on port 8080 (http) with context path ''
29 Feb 2024 - 19:19:00 INFO  com.example.YouTubeApplication - Started YouTubeApplication in 5.705 seconds (process running for 6.39)
29 Feb 2024 - 19:19:00 INFO  o.f.c.i.license.VersionPrinter - Flyway Community Edition 9.22.3 by Redgate
29 Feb 2024 - 19:19:00 INFO  o.f.c.i.license.VersionPrinter - See release notes here: https://rd.gt/416ObMi
29 Feb 2024 - 19:19:00 INFO  o.f.c.i.license.VersionPrinter - 
29 Feb 2024 - 19:19:00 INFO  org.flywaydb.core.FlywayExecutor - Database: jdbc:postgresql://localhost:5432/yutobe (PostgreSQL 15.2)
29 Feb 2024 - 19:19:00 INFO  o.f.core.internal.command.DbValidate - Successfully validated 5 migrations (execution time 00:00.022s)
29 Feb 2024 - 19:19:00 INFO  o.f.core.internal.command.DbMigrate - Current version of schema "public": 5
29 Feb 2024 - 19:19:00 INFO  o.f.core.internal.command.DbMigrate - Schema "public" is up to date. No migration necessary.
29 Feb 2024 - 19:19:16 INFO  o.a.c.c.C.[Tomcat].[localhost].[/] - Initializing Spring DispatcherServlet 'dispatcherServlet'
29 Feb 2024 - 19:19:16 INFO  o.s.web.servlet.DispatcherServlet - Initializing Servlet 'dispatcherServlet'
29 Feb 2024 - 19:19:16 INFO  o.s.web.servlet.DispatcherServlet - Completed initialization in 2 ms
29 Feb 2024 - 19:32:11 INFO  o.s.o.j.LocalContainerEntityManagerFactoryBean - Closing JPA EntityManagerFactory for persistence unit 'default'
29 Feb 2024 - 19:32:11 INFO  com.zaxxer.hikari.HikariDataSource - HikariPool-1 - Shutdown initiated...
29 Feb 2024 - 19:32:11 INFO  com.zaxxer.hikari.HikariDataSource - HikariPool-1 - Shutdown completed.
29 Feb 2024 - 19:32:17 INFO  com.example.YouTubeApplication - Starting YouTubeApplication using Java 21.0.1 with PID 11712 (D:\programer\proekt\yutobe\YouTube\target\classes started by acer in D:\programer\proekt\yutobe\YouTube)
29 Feb 2024 - 19:32:17 INFO  com.example.YouTubeApplication - The following 1 profile is active: "local"
29 Feb 2024 - 19:32:18 INFO  o.s.d.r.c.RepositoryConfigurationDelegate - Bootstrapping Spring Data JPA repositories in DEFAULT mode.
29 Feb 2024 - 19:32:18 INFO  o.s.d.r.c.RepositoryConfigurationDelegate - Finished Spring Data repository scanning in 64 ms. Found 7 JPA repository interfaces.
29 Feb 2024 - 19:32:19 INFO  o.s.b.w.e.tomcat.TomcatWebServer - Tomcat initialized with port 8080 (http)
29 Feb 2024 - 19:32:19 INFO  o.a.catalina.core.StandardService - Starting service [Tomcat]
29 Feb 2024 - 19:32:19 INFO  o.a.catalina.core.StandardEngine - Starting Servlet engine: [Apache Tomcat/10.1.18]
29 Feb 2024 - 19:32:19 INFO  o.a.c.c.C.[Tomcat].[localhost].[/] - Initializing Spring embedded WebApplicationContext
29 Feb 2024 - 19:32:19 INFO  o.s.b.w.s.c.ServletWebServerApplicationContext - Root WebApplicationContext: initialization completed in 1471 ms
29 Feb 2024 - 19:32:19 INFO  o.h.jpa.internal.util.LogHelper - HHH000204: Processing PersistenceUnitInfo [name: default]
29 Feb 2024 - 19:32:19 INFO  org.hibernate.Version - HHH000412: Hibernate ORM core version 6.4.1.Final
29 Feb 2024 - 19:32:19 INFO  o.h.c.i.RegionFactoryInitiator - HHH000026: Second-level cache disabled
29 Feb 2024 - 19:32:19 INFO  o.s.o.j.p.SpringPersistenceUnitInfo - No LoadTimeWeaver setup: ignoring JPA class transformer
29 Feb 2024 - 19:32:19 INFO  com.zaxxer.hikari.HikariDataSource - HikariPool-1 - Starting...
29 Feb 2024 - 19:32:20 INFO  com.zaxxer.hikari.pool.HikariPool - HikariPool-1 - Added connection org.postgresql.jdbc.PgConnection@55053f81
29 Feb 2024 - 19:32:20 INFO  com.zaxxer.hikari.HikariDataSource - HikariPool-1 - Start completed.
29 Feb 2024 - 19:32:21 INFO  o.h.e.t.j.p.i.JtaPlatformInitiator - HHH000489: No JTA platform available (set 'hibernate.transaction.jta.platform' to enable JTA platform integration)
29 Feb 2024 - 19:32:21 INFO  o.s.o.j.LocalContainerEntityManagerFactoryBean - Initialized JPA EntityManagerFactory for persistence unit 'default'
29 Feb 2024 - 19:32:21 INFO  o.s.d.j.r.query.QueryEnhancerFactory - Hibernate is in classpath; If applicable, HQL parser will be used.
29 Feb 2024 - 19:32:22 WARN  o.s.b.a.o.j.JpaBaseConfiguration$JpaWebConfiguration - spring.jpa.open-in-view is enabled by default. Therefore, database queries may be performed during view rendering. Explicitly configure spring.jpa.open-in-view to disable this warning
29 Feb 2024 - 19:32:22 INFO  o.s.s.web.DefaultSecurityFilterChain - Will secure any request with [org.springframework.security.web.session.DisableEncodeUrlFilter@73602e88, org.springframework.security.web.context.request.async.WebAsyncManagerIntegrationFilter@2889d997, org.springframework.security.web.context.SecurityContextHolderFilter@19cb3f, org.springframework.security.web.header.HeaderWriterFilter@7a213820, org.springframework.security.web.authentication.logout.LogoutFilter@68769265, com.example.config.JwtTokenFilter@35c69e6b, org.springframework.security.web.savedrequest.RequestCacheAwareFilter@73ec417b, org.springframework.security.web.servletapi.SecurityContextHolderAwareRequestFilter@816272a, org.springframework.security.web.authentication.AnonymousAuthenticationFilter@7951a08c, org.springframework.security.web.access.ExceptionTranslationFilter@3e0575a2, org.springframework.security.web.access.intercept.AuthorizationFilter@65669def]
29 Feb 2024 - 19:32:23 INFO  o.s.b.w.e.tomcat.TomcatWebServer - Tomcat started on port 8080 (http) with context path ''
29 Feb 2024 - 19:32:23 INFO  com.example.YouTubeApplication - Started YouTubeApplication in 5.85 seconds (process running for 6.636)
29 Feb 2024 - 19:32:23 INFO  o.f.c.i.license.VersionPrinter - Flyway Community Edition 9.22.3 by Redgate
29 Feb 2024 - 19:32:23 INFO  o.f.c.i.license.VersionPrinter - See release notes here: https://rd.gt/416ObMi
29 Feb 2024 - 19:32:23 INFO  o.f.c.i.license.VersionPrinter - 
29 Feb 2024 - 19:32:23 INFO  org.flywaydb.core.FlywayExecutor - Database: jdbc:postgresql://localhost:5432/yutobe (PostgreSQL 15.2)
29 Feb 2024 - 19:32:23 INFO  o.f.core.internal.command.DbValidate - Successfully validated 5 migrations (execution time 00:00.022s)
29 Feb 2024 - 19:32:23 INFO  o.f.core.internal.command.DbMigrate - Current version of schema "public": 5
29 Feb 2024 - 19:32:23 INFO  o.f.core.internal.command.DbMigrate - Schema "public" is up to date. No migration necessary.
29 Feb 2024 - 19:32:28 INFO  o.a.c.c.C.[Tomcat].[localhost].[/] - Initializing Spring DispatcherServlet 'dispatcherServlet'
29 Feb 2024 - 19:32:28 INFO  o.s.web.servlet.DispatcherServlet - Initializing Servlet 'dispatcherServlet'
29 Feb 2024 - 19:32:28 INFO  o.s.web.servlet.DispatcherServlet - Completed initialization in 2 ms
29 Feb 2024 - 21:07:22 WARN  com.zaxxer.hikari.pool.HikariPool - HikariPool-1 - Thread starvation or clock leap detected (housekeeper delta=1h22m32s508ms258µs600ns).
29 Feb 2024 - 21:53:12 INFO  o.a.coyote.http11.Http11Processor - Error parsing HTTP request header
 Note: further occurrences of HTTP request parsing errors will be logged at DEBUG level.
java.lang.IllegalArgumentException: Invalid character found in method name [0x160x030x010x000xf30x010x000x000xef0x030x030xe20x120x83A0xf0\/0xfd0xc910xd6qD0xbd40x820x130x0f0x810xbf@0xa10xc1W00xc10x0060xcb0x9bs0xe2 ]. HTTP method names must be tokens
	at org.apache.coyote.http11.Http11InputBuffer.parseRequestLine(Http11InputBuffer.java:407)
	at org.apache.coyote.http11.Http11Processor.service(Http11Processor.java:264)
	at org.apache.coyote.AbstractProcessorLight.process(AbstractProcessorLight.java:63)
	at org.apache.coyote.AbstractProtocol$ConnectionHandler.process(AbstractProtocol.java:896)
	at org.apache.tomcat.util.net.NioEndpoint$SocketProcessor.doRun(NioEndpoint.java:1744)
	at org.apache.tomcat.util.net.SocketProcessorBase.run(SocketProcessorBase.java:52)
	at org.apache.tomcat.util.threads.ThreadPoolExecutor.runWorker(ThreadPoolExecutor.java:1191)
	at org.apache.tomcat.util.threads.ThreadPoolExecutor$Worker.run(ThreadPoolExecutor.java:659)
	at org.apache.tomcat.util.threads.TaskThread$WrappingRunnable.run(TaskThread.java:61)
	at java.base/java.lang.Thread.run(Thread.java:1583)
29 Feb 2024 - 21:53:12 INFO  o.a.coyote.http11.Http11Processor - Error parsing HTTP request header
 Note: further occurrences of HTTP request parsing errors will be logged at DEBUG level.
java.lang.IllegalArgumentException: Invalid character found in method name [0x160x030x010x000xf30x010x000x000xef0x030x03^m0xf80xe70xc00xa00xab0xfa%%0xc0Y(F0xe20x0e0xdb0xb9KJ0x820xcd0x9eQ<x0xc20x850x030xd30x9c0xef ]. HTTP method names must be tokens
	at org.apache.coyote.http11.Http11InputBuffer.parseRequestLine(Http11InputBuffer.java:407)
	at org.apache.coyote.http11.Http11Processor.service(Http11Processor.java:264)
	at org.apache.coyote.AbstractProcessorLight.process(AbstractProcessorLight.java:63)
	at org.apache.coyote.AbstractProtocol$ConnectionHandler.process(AbstractProtocol.java:896)
	at org.apache.tomcat.util.net.NioEndpoint$SocketProcessor.doRun(NioEndpoint.java:1744)
	at org.apache.tomcat.util.net.SocketProcessorBase.run(SocketProcessorBase.java:52)
	at org.apache.tomcat.util.threads.ThreadPoolExecutor.runWorker(ThreadPoolExecutor.java:1191)
	at org.apache.tomcat.util.threads.ThreadPoolExecutor$Worker.run(ThreadPoolExecutor.java:659)
	at org.apache.tomcat.util.threads.TaskThread$WrappingRunnable.run(TaskThread.java:61)
	at java.base/java.lang.Thread.run(Thread.java:1583)
29 Feb 2024 - 23:41:49 WARN  com.zaxxer.hikari.pool.HikariPool - HikariPool-1 - Thread starvation or clock leap detected (housekeeper delta=1h19m55s885ms56µs100ns).
