01 Mar 2024 - 09:39:27 INFO  com.example.YouTubeApplication - Starting YouTubeApplication using Java 21.0.1 with PID 13960 (D:\programer\proekt\yutobe\YouTube\target\classes started by acer in D:\programer\proekt\yutobe\YouTube)
01 Mar 2024 - 09:39:27 INFO  com.example.YouTubeApplication - The following 1 profile is active: "local"
01 Mar 2024 - 09:39:28 INFO  o.s.d.r.c.RepositoryConfigurationDelegate - Bootstrapping Spring Data JPA repositories in DEFAULT mode.
01 Mar 2024 - 09:39:29 INFO  o.s.d.r.c.RepositoryConfigurationDelegate - Finished Spring Data repository scanning in 80 ms. Found 8 JPA repository interfaces.
01 Mar 2024 - 09:39:29 INFO  o.s.b.w.e.tomcat.TomcatWebServer - Tomcat initialized with port 8080 (http)
01 Mar 2024 - 09:39:29 INFO  o.a.catalina.core.StandardService - Starting service [Tomcat]
01 Mar 2024 - 09:39:29 INFO  o.a.catalina.core.StandardEngine - Starting Servlet engine: [Apache Tomcat/10.1.18]
01 Mar 2024 - 09:39:29 INFO  o.a.c.c.C.[Tomcat].[localhost].[/] - Initializing Spring embedded WebApplicationContext
01 Mar 2024 - 09:39:29 INFO  o.s.b.w.s.c.ServletWebServerApplicationContext - Root WebApplicationContext: initialization completed in 2584 ms
01 Mar 2024 - 09:39:29 INFO  o.h.jpa.internal.util.LogHelper - HHH000204: Processing PersistenceUnitInfo [name: default]
01 Mar 2024 - 09:39:30 INFO  org.hibernate.Version - HHH000412: Hibernate ORM core version 6.4.1.Final
01 Mar 2024 - 09:39:30 INFO  o.h.c.i.RegionFactoryInitiator - HHH000026: Second-level cache disabled
01 Mar 2024 - 09:39:30 INFO  o.s.o.j.p.SpringPersistenceUnitInfo - No LoadTimeWeaver setup: ignoring JPA class transformer
01 Mar 2024 - 09:39:30 INFO  com.zaxxer.hikari.HikariDataSource - HikariPool-1 - Starting...
01 Mar 2024 - 09:39:30 INFO  com.zaxxer.hikari.pool.HikariPool - HikariPool-1 - Added connection org.postgresql.jdbc.PgConnection@1573e8a5
01 Mar 2024 - 09:39:30 INFO  com.zaxxer.hikari.HikariDataSource - HikariPool-1 - Start completed.
01 Mar 2024 - 09:39:32 INFO  o.h.e.t.j.p.i.JtaPlatformInitiator - HHH000489: No JTA platform available (set 'hibernate.transaction.jta.platform' to enable JTA platform integration)
01 Mar 2024 - 09:39:32 INFO  o.s.o.j.LocalContainerEntityManagerFactoryBean - Initialized JPA EntityManagerFactory for persistence unit 'default'
01 Mar 2024 - 09:39:32 INFO  o.s.d.j.r.query.QueryEnhancerFactory - Hibernate is in classpath; If applicable, HQL parser will be used.
01 Mar 2024 - 09:39:33 WARN  o.s.b.a.o.j.JpaBaseConfiguration$JpaWebConfiguration - spring.jpa.open-in-view is enabled by default. Therefore, database queries may be performed during view rendering. Explicitly configure spring.jpa.open-in-view to disable this warning
01 Mar 2024 - 09:39:33 INFO  o.s.s.web.DefaultSecurityFilterChain - Will secure any request with [org.springframework.security.web.session.DisableEncodeUrlFilter@63714a1, org.springframework.security.web.context.request.async.WebAsyncManagerIntegrationFilter@53bf791, org.springframework.security.web.context.SecurityContextHolderFilter@7d727123, org.springframework.security.web.header.HeaderWriterFilter@31e08c61, org.springframework.security.web.authentication.logout.LogoutFilter@26db7540, com.example.config.JwtTokenFilter@5ace902e, org.springframework.security.web.savedrequest.RequestCacheAwareFilter@7ddf7e77, org.springframework.security.web.servletapi.SecurityContextHolderAwareRequestFilter@5a720cdf, org.springframework.security.web.authentication.AnonymousAuthenticationFilter@1bc6a43c, org.springframework.security.web.access.ExceptionTranslationFilter@3eff5c32, org.springframework.security.web.access.intercept.AuthorizationFilter@962e03a]
01 Mar 2024 - 09:39:34 INFO  o.s.b.w.e.tomcat.TomcatWebServer - Tomcat started on port 8080 (http) with context path ''
01 Mar 2024 - 09:39:34 INFO  com.example.YouTubeApplication - Started YouTubeApplication in 7.935 seconds (process running for 9.074)
01 Mar 2024 - 09:39:34 INFO  o.f.c.i.license.VersionPrinter - Flyway Community Edition 9.22.3 by Redgate
01 Mar 2024 - 09:39:34 INFO  o.f.c.i.license.VersionPrinter - See release notes here: https://rd.gt/416ObMi
01 Mar 2024 - 09:39:34 INFO  o.f.c.i.license.VersionPrinter - 
01 Mar 2024 - 09:39:34 INFO  org.flywaydb.core.FlywayExecutor - Database: jdbc:postgresql://localhost:5432/yutobe (PostgreSQL 15.2)
01 Mar 2024 - 09:39:34 INFO  o.f.core.internal.command.DbValidate - Successfully validated 5 migrations (execution time 00:00.029s)
01 Mar 2024 - 09:39:34 INFO  o.f.core.internal.command.DbMigrate - Current version of schema "public": 5
01 Mar 2024 - 09:39:34 INFO  o.f.core.internal.command.DbMigrate - Schema "public" is up to date. No migration necessary.
01 Mar 2024 - 09:43:22 INFO  o.s.o.j.LocalContainerEntityManagerFactoryBean - Closing JPA EntityManagerFactory for persistence unit 'default'
01 Mar 2024 - 09:43:22 INFO  com.zaxxer.hikari.HikariDataSource - HikariPool-1 - Shutdown initiated...
01 Mar 2024 - 09:43:22 INFO  com.zaxxer.hikari.HikariDataSource - HikariPool-1 - Shutdown completed.
01 Mar 2024 - 09:43:27 INFO  com.example.YouTubeApplication - Starting YouTubeApplication using Java 21.0.1 with PID 5908 (D:\programer\proekt\yutobe\YouTube\target\classes started by acer in D:\programer\proekt\yutobe\YouTube)
01 Mar 2024 - 09:43:27 INFO  com.example.YouTubeApplication - The following 1 profile is active: "local"
01 Mar 2024 - 09:43:28 INFO  o.s.d.r.c.RepositoryConfigurationDelegate - Bootstrapping Spring Data JPA repositories in DEFAULT mode.
01 Mar 2024 - 09:43:29 INFO  o.s.d.r.c.RepositoryConfigurationDelegate - Finished Spring Data repository scanning in 110 ms. Found 8 JPA repository interfaces.
01 Mar 2024 - 09:43:29 INFO  o.s.b.w.e.tomcat.TomcatWebServer - Tomcat initialized with port 8080 (http)
01 Mar 2024 - 09:43:29 INFO  o.a.catalina.core.StandardService - Starting service [Tomcat]
01 Mar 2024 - 09:43:29 INFO  o.a.catalina.core.StandardEngine - Starting Servlet engine: [Apache Tomcat/10.1.18]
01 Mar 2024 - 09:43:29 INFO  o.a.c.c.C.[Tomcat].[localhost].[/] - Initializing Spring embedded WebApplicationContext
01 Mar 2024 - 09:43:29 INFO  o.s.b.w.s.c.ServletWebServerApplicationContext - Root WebApplicationContext: initialization completed in 2379 ms
01 Mar 2024 - 09:43:29 INFO  o.h.jpa.internal.util.LogHelper - HHH000204: Processing PersistenceUnitInfo [name: default]
01 Mar 2024 - 09:43:30 INFO  org.hibernate.Version - HHH000412: Hibernate ORM core version 6.4.1.Final
01 Mar 2024 - 09:43:30 INFO  o.h.c.i.RegionFactoryInitiator - HHH000026: Second-level cache disabled
01 Mar 2024 - 09:43:30 INFO  o.s.o.j.p.SpringPersistenceUnitInfo - No LoadTimeWeaver setup: ignoring JPA class transformer
01 Mar 2024 - 09:43:30 INFO  com.zaxxer.hikari.HikariDataSource - HikariPool-1 - Starting...
01 Mar 2024 - 09:43:30 INFO  com.zaxxer.hikari.pool.HikariPool - HikariPool-1 - Added connection org.postgresql.jdbc.PgConnection@44eb2452
01 Mar 2024 - 09:43:30 INFO  com.zaxxer.hikari.HikariDataSource - HikariPool-1 - Start completed.
01 Mar 2024 - 09:43:31 INFO  o.h.e.t.j.p.i.JtaPlatformInitiator - HHH000489: No JTA platform available (set 'hibernate.transaction.jta.platform' to enable JTA platform integration)
01 Mar 2024 - 09:43:31 INFO  o.s.o.j.LocalContainerEntityManagerFactoryBean - Initialized JPA EntityManagerFactory for persistence unit 'default'
01 Mar 2024 - 09:43:32 INFO  o.s.d.j.r.query.QueryEnhancerFactory - Hibernate is in classpath; If applicable, HQL parser will be used.
01 Mar 2024 - 09:43:33 WARN  o.s.b.a.o.j.JpaBaseConfiguration$JpaWebConfiguration - spring.jpa.open-in-view is enabled by default. Therefore, database queries may be performed during view rendering. Explicitly configure spring.jpa.open-in-view to disable this warning
01 Mar 2024 - 09:43:33 INFO  o.s.s.web.DefaultSecurityFilterChain - Will secure any request with [org.springframework.security.web.session.DisableEncodeUrlFilter@2227c82d, org.springframework.security.web.context.request.async.WebAsyncManagerIntegrationFilter@1b9075c9, org.springframework.security.web.context.SecurityContextHolderFilter@1263d20d, org.springframework.security.web.header.HeaderWriterFilter@3fcc58f8, org.springframework.security.web.authentication.logout.LogoutFilter@3a5812dc, com.example.config.JwtTokenFilter@498bfeec, org.springframework.security.web.savedrequest.RequestCacheAwareFilter@260d878a, org.springframework.security.web.servletapi.SecurityContextHolderAwareRequestFilter@13190355, org.springframework.security.web.authentication.AnonymousAuthenticationFilter@75be6796, org.springframework.security.web.access.ExceptionTranslationFilter@424c8ebe, org.springframework.security.web.access.intercept.AuthorizationFilter@13cfa1ec]
01 Mar 2024 - 09:43:33 INFO  o.s.b.w.e.tomcat.TomcatWebServer - Tomcat started on port 8080 (http) with context path ''
01 Mar 2024 - 09:43:33 INFO  com.example.YouTubeApplication - Started YouTubeApplication in 7.944 seconds (process running for 8.845)
01 Mar 2024 - 09:43:33 INFO  o.f.c.i.license.VersionPrinter - Flyway Community Edition 9.22.3 by Redgate
01 Mar 2024 - 09:43:33 INFO  o.f.c.i.license.VersionPrinter - See release notes here: https://rd.gt/416ObMi
01 Mar 2024 - 09:43:33 INFO  o.f.c.i.license.VersionPrinter - 
01 Mar 2024 - 09:43:33 INFO  org.flywaydb.core.FlywayExecutor - Database: jdbc:postgresql://localhost:5432/yutobe (PostgreSQL 15.2)
01 Mar 2024 - 09:43:33 INFO  o.f.core.internal.command.DbValidate - Successfully validated 5 migrations (execution time 00:00.022s)
01 Mar 2024 - 09:43:34 INFO  o.f.core.internal.command.DbMigrate - Current version of schema "public": 5
01 Mar 2024 - 09:43:34 INFO  o.f.core.internal.command.DbMigrate - Schema "public" is up to date. No migration necessary.
01 Mar 2024 - 09:44:48 INFO  o.a.c.c.C.[Tomcat].[localhost].[/] - Initializing Spring DispatcherServlet 'dispatcherServlet'
01 Mar 2024 - 09:44:48 INFO  o.s.web.servlet.DispatcherServlet - Initializing Servlet 'dispatcherServlet'
01 Mar 2024 - 09:44:48 INFO  o.s.web.servlet.DispatcherServlet - Completed initialization in 1 ms
01 Mar 2024 - 09:44:48 INFO  c.example.controller.AuthController - Login abjalilovozodjon@gmail.com
01 Mar 2024 - 09:44:48 WARN  c.example.controller.AuthController - Login abjalilovozodjon@gmail.com
01 Mar 2024 - 09:44:48 ERROR c.example.controller.AuthController - Login abjalilovozodjon@gmail.com
01 Mar 2024 - 09:51:17 INFO  o.s.o.j.LocalContainerEntityManagerFactoryBean - Closing JPA EntityManagerFactory for persistence unit 'default'
01 Mar 2024 - 09:51:17 INFO  com.zaxxer.hikari.HikariDataSource - HikariPool-1 - Shutdown initiated...
01 Mar 2024 - 09:51:17 INFO  com.zaxxer.hikari.HikariDataSource - HikariPool-1 - Shutdown completed.
01 Mar 2024 - 09:51:28 INFO  com.example.YouTubeApplication - Starting YouTubeApplication using Java 21.0.1 with PID 15992 (D:\programer\proekt\yutobe\YouTube\target\classes started by acer in D:\programer\proekt\yutobe\YouTube)
01 Mar 2024 - 09:51:28 INFO  com.example.YouTubeApplication - The following 1 profile is active: "local"
01 Mar 2024 - 09:51:29 INFO  o.s.d.r.c.RepositoryConfigurationDelegate - Bootstrapping Spring Data JPA repositories in DEFAULT mode.
01 Mar 2024 - 09:51:29 INFO  o.s.d.r.c.RepositoryConfigurationDelegate - Finished Spring Data repository scanning in 74 ms. Found 8 JPA repository interfaces.
01 Mar 2024 - 09:51:30 INFO  o.s.b.w.e.tomcat.TomcatWebServer - Tomcat initialized with port 8080 (http)
01 Mar 2024 - 09:51:30 INFO  o.a.catalina.core.StandardService - Starting service [Tomcat]
01 Mar 2024 - 09:51:30 INFO  o.a.catalina.core.StandardEngine - Starting Servlet engine: [Apache Tomcat/10.1.18]
01 Mar 2024 - 09:51:30 INFO  o.a.c.c.C.[Tomcat].[localhost].[/] - Initializing Spring embedded WebApplicationContext
01 Mar 2024 - 09:51:30 INFO  o.s.b.w.s.c.ServletWebServerApplicationContext - Root WebApplicationContext: initialization completed in 1574 ms
01 Mar 2024 - 09:51:30 INFO  o.h.jpa.internal.util.LogHelper - HHH000204: Processing PersistenceUnitInfo [name: default]
01 Mar 2024 - 09:51:30 INFO  org.hibernate.Version - HHH000412: Hibernate ORM core version 6.4.1.Final
01 Mar 2024 - 09:51:30 INFO  o.h.c.i.RegionFactoryInitiator - HHH000026: Second-level cache disabled
01 Mar 2024 - 09:51:30 INFO  o.s.o.j.p.SpringPersistenceUnitInfo - No LoadTimeWeaver setup: ignoring JPA class transformer
01 Mar 2024 - 09:51:30 INFO  com.zaxxer.hikari.HikariDataSource - HikariPool-1 - Starting...
01 Mar 2024 - 09:51:31 INFO  com.zaxxer.hikari.pool.HikariPool - HikariPool-1 - Added connection org.postgresql.jdbc.PgConnection@49c83262
01 Mar 2024 - 09:51:31 INFO  com.zaxxer.hikari.HikariDataSource - HikariPool-1 - Start completed.
01 Mar 2024 - 09:51:32 INFO  o.h.e.t.j.p.i.JtaPlatformInitiator - HHH000489: No JTA platform available (set 'hibernate.transaction.jta.platform' to enable JTA platform integration)
01 Mar 2024 - 09:51:32 INFO  o.s.o.j.LocalContainerEntityManagerFactoryBean - Initialized JPA EntityManagerFactory for persistence unit 'default'
01 Mar 2024 - 09:51:32 INFO  o.s.d.j.r.query.QueryEnhancerFactory - Hibernate is in classpath; If applicable, HQL parser will be used.
01 Mar 2024 - 09:51:33 WARN  o.s.b.a.o.j.JpaBaseConfiguration$JpaWebConfiguration - spring.jpa.open-in-view is enabled by default. Therefore, database queries may be performed during view rendering. Explicitly configure spring.jpa.open-in-view to disable this warning
01 Mar 2024 - 09:51:34 INFO  o.s.s.web.DefaultSecurityFilterChain - Will secure any request with [org.springframework.security.web.session.DisableEncodeUrlFilter@496101d1, org.springframework.security.web.context.request.async.WebAsyncManagerIntegrationFilter@19858f26, org.springframework.security.web.context.SecurityContextHolderFilter@1eedf268, org.springframework.security.web.header.HeaderWriterFilter@53251e03, org.springframework.security.web.authentication.logout.LogoutFilter@7f03e5f4, com.example.config.JwtTokenFilter@2f154d9b, org.springframework.security.web.savedrequest.RequestCacheAwareFilter@6d9069ab, org.springframework.security.web.servletapi.SecurityContextHolderAwareRequestFilter@648ec9f4, org.springframework.security.web.authentication.AnonymousAuthenticationFilter@4c14ed24, org.springframework.security.web.access.ExceptionTranslationFilter@4603845b, org.springframework.security.web.access.intercept.AuthorizationFilter@11a88d87]
01 Mar 2024 - 09:51:34 INFO  o.s.b.w.e.tomcat.TomcatWebServer - Tomcat started on port 8080 (http) with context path ''
01 Mar 2024 - 09:51:34 INFO  com.example.YouTubeApplication - Started YouTubeApplication in 6.303 seconds (process running for 7.093)
01 Mar 2024 - 09:51:34 INFO  o.f.c.i.license.VersionPrinter - Flyway Community Edition 9.22.3 by Redgate
01 Mar 2024 - 09:51:34 INFO  o.f.c.i.license.VersionPrinter - See release notes here: https://rd.gt/416ObMi
01 Mar 2024 - 09:51:34 INFO  o.f.c.i.license.VersionPrinter - 
01 Mar 2024 - 09:51:34 INFO  org.flywaydb.core.FlywayExecutor - Database: jdbc:postgresql://localhost:5432/yutobe (PostgreSQL 15.2)
01 Mar 2024 - 09:51:34 INFO  o.f.core.internal.command.DbValidate - Successfully validated 5 migrations (execution time 00:00.027s)
01 Mar 2024 - 09:51:34 INFO  o.f.core.internal.command.DbMigrate - Current version of schema "public": 5
01 Mar 2024 - 09:51:34 INFO  o.f.core.internal.command.DbMigrate - Schema "public" is up to date. No migration necessary.
01 Mar 2024 - 09:51:37 INFO  o.a.c.c.C.[Tomcat].[localhost].[/] - Initializing Spring DispatcherServlet 'dispatcherServlet'
01 Mar 2024 - 09:51:37 INFO  o.s.web.servlet.DispatcherServlet - Initializing Servlet 'dispatcherServlet'
01 Mar 2024 - 09:51:37 INFO  o.s.web.servlet.DispatcherServlet - Completed initialization in 1 ms
01 Mar 2024 - 10:08:09 INFO  c.example.controller.AuthController - Login sarvar@mail.ru1
01 Mar 2024 - 10:08:09 WARN  c.example.controller.AuthController - Login sarvar@mail.ru1
01 Mar 2024 - 10:08:09 ERROR c.example.controller.AuthController - Login sarvar@mail.ru1
01 Mar 2024 - 10:12:41 INFO  o.s.o.j.LocalContainerEntityManagerFactoryBean - Closing JPA EntityManagerFactory for persistence unit 'default'
01 Mar 2024 - 10:12:41 INFO  com.zaxxer.hikari.HikariDataSource - HikariPool-1 - Shutdown initiated...
01 Mar 2024 - 10:12:41 INFO  com.zaxxer.hikari.HikariDataSource - HikariPool-1 - Shutdown completed.
01 Mar 2024 - 10:13:18 INFO  com.example.YouTubeApplication - Starting YouTubeApplication using Java 21.0.1 with PID 13252 (D:\programer\proekt\yutobe\YouTube\target\classes started by acer in D:\programer\proekt\yutobe\YouTube)
01 Mar 2024 - 10:13:18 INFO  com.example.YouTubeApplication - The following 1 profile is active: "local"
01 Mar 2024 - 10:13:20 INFO  o.s.d.r.c.RepositoryConfigurationDelegate - Bootstrapping Spring Data JPA repositories in DEFAULT mode.
01 Mar 2024 - 10:13:20 INFO  o.s.d.r.c.RepositoryConfigurationDelegate - Finished Spring Data repository scanning in 82 ms. Found 8 JPA repository interfaces.
01 Mar 2024 - 10:13:20 INFO  o.s.b.w.e.tomcat.TomcatWebServer - Tomcat initialized with port 8080 (http)
01 Mar 2024 - 10:13:20 INFO  o.a.catalina.core.StandardService - Starting service [Tomcat]
01 Mar 2024 - 10:13:20 INFO  o.a.catalina.core.StandardEngine - Starting Servlet engine: [Apache Tomcat/10.1.18]
01 Mar 2024 - 10:13:20 INFO  o.a.c.c.C.[Tomcat].[localhost].[/] - Initializing Spring embedded WebApplicationContext
01 Mar 2024 - 10:13:20 INFO  o.s.b.w.s.c.ServletWebServerApplicationContext - Root WebApplicationContext: initialization completed in 1951 ms
01 Mar 2024 - 10:13:21 INFO  o.h.jpa.internal.util.LogHelper - HHH000204: Processing PersistenceUnitInfo [name: default]
01 Mar 2024 - 10:13:21 INFO  org.hibernate.Version - HHH000412: Hibernate ORM core version 6.4.1.Final
01 Mar 2024 - 10:13:21 INFO  o.h.c.i.RegionFactoryInitiator - HHH000026: Second-level cache disabled
01 Mar 2024 - 10:13:21 INFO  o.s.o.j.p.SpringPersistenceUnitInfo - No LoadTimeWeaver setup: ignoring JPA class transformer
01 Mar 2024 - 10:13:21 INFO  com.zaxxer.hikari.HikariDataSource - HikariPool-1 - Starting...
01 Mar 2024 - 10:13:21 INFO  com.zaxxer.hikari.pool.HikariPool - HikariPool-1 - Added connection org.postgresql.jdbc.PgConnection@55053f81
01 Mar 2024 - 10:13:21 INFO  com.zaxxer.hikari.HikariDataSource - HikariPool-1 - Start completed.
01 Mar 2024 - 10:13:22 INFO  o.h.e.t.j.p.i.JtaPlatformInitiator - HHH000489: No JTA platform available (set 'hibernate.transaction.jta.platform' to enable JTA platform integration)
01 Mar 2024 - 10:13:23 INFO  o.s.o.j.LocalContainerEntityManagerFactoryBean - Initialized JPA EntityManagerFactory for persistence unit 'default'
01 Mar 2024 - 10:13:23 INFO  o.s.d.j.r.query.QueryEnhancerFactory - Hibernate is in classpath; If applicable, HQL parser will be used.
01 Mar 2024 - 10:13:24 WARN  o.s.b.a.o.j.JpaBaseConfiguration$JpaWebConfiguration - spring.jpa.open-in-view is enabled by default. Therefore, database queries may be performed during view rendering. Explicitly configure spring.jpa.open-in-view to disable this warning
01 Mar 2024 - 10:13:24 INFO  o.s.s.web.DefaultSecurityFilterChain - Will secure any request with [org.springframework.security.web.session.DisableEncodeUrlFilter@3a5812dc, org.springframework.security.web.context.request.async.WebAsyncManagerIntegrationFilter@3ddec942, org.springframework.security.web.context.SecurityContextHolderFilter@62ee32c6, org.springframework.security.web.header.HeaderWriterFilter@5f7cc6fd, org.springframework.security.web.authentication.logout.LogoutFilter@1377af49, com.example.config.JwtTokenFilter@6ceeb592, org.springframework.security.web.savedrequest.RequestCacheAwareFilter@5e435f0d, org.springframework.security.web.servletapi.SecurityContextHolderAwareRequestFilter@51a7ee4e, org.springframework.security.web.authentication.AnonymousAuthenticationFilter@495c3d15, org.springframework.security.web.access.ExceptionTranslationFilter@1e7245da, org.springframework.security.web.access.intercept.AuthorizationFilter@1e9d5d79]
01 Mar 2024 - 10:13:24 INFO  o.s.b.w.e.tomcat.TomcatWebServer - Tomcat started on port 8080 (http) with context path ''
01 Mar 2024 - 10:13:24 INFO  com.example.YouTubeApplication - Started YouTubeApplication in 6.643 seconds (process running for 7.529)
01 Mar 2024 - 10:13:25 INFO  o.f.c.i.license.VersionPrinter - Flyway Community Edition 9.22.3 by Redgate
01 Mar 2024 - 10:13:25 INFO  o.f.c.i.license.VersionPrinter - See release notes here: https://rd.gt/416ObMi
01 Mar 2024 - 10:13:25 INFO  o.f.c.i.license.VersionPrinter - 
01 Mar 2024 - 10:13:25 INFO  org.flywaydb.core.FlywayExecutor - Database: jdbc:postgresql://localhost:5432/yutobe (PostgreSQL 15.2)
01 Mar 2024 - 10:13:25 INFO  o.f.core.internal.command.DbValidate - Successfully validated 5 migrations (execution time 00:00.020s)
01 Mar 2024 - 10:13:25 INFO  o.f.core.internal.command.DbMigrate - Current version of schema "public": 5
01 Mar 2024 - 10:13:25 INFO  o.f.core.internal.command.DbMigrate - Schema "public" is up to date. No migration necessary.
01 Mar 2024 - 10:13:42 INFO  o.a.c.c.C.[Tomcat].[localhost].[/] - Initializing Spring DispatcherServlet 'dispatcherServlet'
01 Mar 2024 - 10:13:42 INFO  o.s.web.servlet.DispatcherServlet - Initializing Servlet 'dispatcherServlet'
01 Mar 2024 - 10:13:42 INFO  o.s.web.servlet.DispatcherServlet - Completed initialization in 2 ms
01 Mar 2024 - 10:14:35 INFO  c.example.controller.AuthController - Login user@mail.ru1
01 Mar 2024 - 10:14:35 WARN  c.example.controller.AuthController - Login user@mail.ru1
01 Mar 2024 - 10:14:35 ERROR c.example.controller.AuthController - Login user@mail.ru1
01 Mar 2024 - 10:15:43 WARN  o.s.w.s.m.s.DefaultHandlerExceptionResolver - Resolved [org.springframework.web.bind.MissingPathVariableException: Required URI template variable 'uuid' for method parameter type UUID is not present]
01 Mar 2024 - 10:15:50 WARN  o.s.w.s.m.s.DefaultHandlerExceptionResolver - Resolved [org.springframework.web.bind.MissingPathVariableException: Required URI template variable 'uuid' for method parameter type UUID is not present]
01 Mar 2024 - 10:17:03 WARN  o.s.w.s.m.s.DefaultHandlerExceptionResolver - Resolved [org.springframework.web.bind.MissingPathVariableException: Required URI template variable 'uuid' for method parameter type UUID is not present]
01 Mar 2024 - 10:17:17 WARN  o.s.w.s.m.s.DefaultHandlerExceptionResolver - Resolved [org.springframework.web.bind.MissingPathVariableException: Required URI template variable 'uuid' for method parameter type UUID is not present]
01 Mar 2024 - 10:23:42 INFO  c.example.controller.AuthController - Login sarvar@mail.ru1
01 Mar 2024 - 10:23:42 WARN  c.example.controller.AuthController - Login sarvar@mail.ru1
01 Mar 2024 - 10:23:42 ERROR c.example.controller.AuthController - Login sarvar@mail.ru1
01 Mar 2024 - 10:24:19 WARN  o.s.w.s.m.s.DefaultHandlerExceptionResolver - Resolved [org.springframework.web.bind.MissingPathVariableException: Required URI template variable 'uuid' for method parameter type UUID is not present]
01 Mar 2024 - 10:25:35 INFO  o.s.o.j.LocalContainerEntityManagerFactoryBean - Closing JPA EntityManagerFactory for persistence unit 'default'
01 Mar 2024 - 10:25:35 INFO  com.zaxxer.hikari.HikariDataSource - HikariPool-1 - Shutdown initiated...
01 Mar 2024 - 10:25:35 INFO  com.zaxxer.hikari.HikariDataSource - HikariPool-1 - Shutdown completed.
01 Mar 2024 - 10:25:44 INFO  com.example.YouTubeApplication - Starting YouTubeApplication using Java 21.0.1 with PID 12424 (D:\programer\proekt\yutobe\YouTube\target\classes started by acer in D:\programer\proekt\yutobe\YouTube)
01 Mar 2024 - 10:25:44 INFO  com.example.YouTubeApplication - The following 1 profile is active: "local"
01 Mar 2024 - 10:25:45 INFO  o.s.d.r.c.RepositoryConfigurationDelegate - Bootstrapping Spring Data JPA repositories in DEFAULT mode.
01 Mar 2024 - 10:25:45 INFO  o.s.d.r.c.RepositoryConfigurationDelegate - Finished Spring Data repository scanning in 127 ms. Found 8 JPA repository interfaces.
01 Mar 2024 - 10:25:46 INFO  o.s.b.w.e.tomcat.TomcatWebServer - Tomcat initialized with port 8080 (http)
01 Mar 2024 - 10:25:46 INFO  o.a.catalina.core.StandardService - Starting service [Tomcat]
01 Mar 2024 - 10:25:46 INFO  o.a.catalina.core.StandardEngine - Starting Servlet engine: [Apache Tomcat/10.1.18]
01 Mar 2024 - 10:25:46 INFO  o.a.c.c.C.[Tomcat].[localhost].[/] - Initializing Spring embedded WebApplicationContext
01 Mar 2024 - 10:25:46 INFO  o.s.b.w.s.c.ServletWebServerApplicationContext - Root WebApplicationContext: initialization completed in 1909 ms
01 Mar 2024 - 10:25:46 INFO  o.h.jpa.internal.util.LogHelper - HHH000204: Processing PersistenceUnitInfo [name: default]
01 Mar 2024 - 10:25:46 INFO  org.hibernate.Version - HHH000412: Hibernate ORM core version 6.4.1.Final
01 Mar 2024 - 10:25:46 INFO  o.h.c.i.RegionFactoryInitiator - HHH000026: Second-level cache disabled
01 Mar 2024 - 10:25:46 INFO  o.s.o.j.p.SpringPersistenceUnitInfo - No LoadTimeWeaver setup: ignoring JPA class transformer
01 Mar 2024 - 10:25:46 INFO  com.zaxxer.hikari.HikariDataSource - HikariPool-1 - Starting...
01 Mar 2024 - 10:25:47 INFO  com.zaxxer.hikari.pool.HikariPool - HikariPool-1 - Added connection org.postgresql.jdbc.PgConnection@5cffec7
01 Mar 2024 - 10:25:47 INFO  com.zaxxer.hikari.HikariDataSource - HikariPool-1 - Start completed.
01 Mar 2024 - 10:25:48 INFO  o.h.e.t.j.p.i.JtaPlatformInitiator - HHH000489: No JTA platform available (set 'hibernate.transaction.jta.platform' to enable JTA platform integration)
01 Mar 2024 - 10:25:48 INFO  o.s.o.j.LocalContainerEntityManagerFactoryBean - Initialized JPA EntityManagerFactory for persistence unit 'default'
01 Mar 2024 - 10:25:49 INFO  o.s.d.j.r.query.QueryEnhancerFactory - Hibernate is in classpath; If applicable, HQL parser will be used.
01 Mar 2024 - 10:25:50 WARN  o.s.b.a.o.j.JpaBaseConfiguration$JpaWebConfiguration - spring.jpa.open-in-view is enabled by default. Therefore, database queries may be performed during view rendering. Explicitly configure spring.jpa.open-in-view to disable this warning
01 Mar 2024 - 10:25:50 INFO  o.s.s.web.DefaultSecurityFilterChain - Will secure any request with [org.springframework.security.web.session.DisableEncodeUrlFilter@1b9075c9, org.springframework.security.web.context.request.async.WebAsyncManagerIntegrationFilter@75be6796, org.springframework.security.web.context.SecurityContextHolderFilter@4f355321, org.springframework.security.web.header.HeaderWriterFilter@51f714d1, org.springframework.security.web.authentication.logout.LogoutFilter@3ddec942, com.example.config.JwtTokenFilter@498bfeec, org.springframework.security.web.savedrequest.RequestCacheAwareFilter@13190355, org.springframework.security.web.servletapi.SecurityContextHolderAwareRequestFilter@1f664881, org.springframework.security.web.authentication.AnonymousAuthenticationFilter@63793f16, org.springframework.security.web.access.ExceptionTranslationFilter@7bb3cbb4, org.springframework.security.web.access.intercept.AuthorizationFilter@52688730]
01 Mar 2024 - 10:25:50 INFO  o.s.b.w.e.tomcat.TomcatWebServer - Tomcat started on port 8080 (http) with context path ''
01 Mar 2024 - 10:25:50 INFO  com.example.YouTubeApplication - Started YouTubeApplication in 7.056 seconds (process running for 7.827)
01 Mar 2024 - 10:25:50 INFO  o.f.c.i.license.VersionPrinter - Flyway Community Edition 9.22.3 by Redgate
01 Mar 2024 - 10:25:50 INFO  o.f.c.i.license.VersionPrinter - See release notes here: https://rd.gt/416ObMi
01 Mar 2024 - 10:25:50 INFO  o.f.c.i.license.VersionPrinter - 
01 Mar 2024 - 10:25:50 INFO  org.flywaydb.core.FlywayExecutor - Database: jdbc:postgresql://localhost:5432/yutobe (PostgreSQL 15.2)
01 Mar 2024 - 10:25:51 INFO  o.f.core.internal.command.DbValidate - Successfully validated 5 migrations (execution time 00:00.033s)
01 Mar 2024 - 10:25:51 INFO  o.f.core.internal.command.DbMigrate - Current version of schema "public": 5
01 Mar 2024 - 10:25:51 INFO  o.f.core.internal.command.DbMigrate - Schema "public" is up to date. No migration necessary.
01 Mar 2024 - 10:25:55 INFO  o.a.c.c.C.[Tomcat].[localhost].[/] - Initializing Spring DispatcherServlet 'dispatcherServlet'
01 Mar 2024 - 10:25:55 INFO  o.s.web.servlet.DispatcherServlet - Initializing Servlet 'dispatcherServlet'
01 Mar 2024 - 10:25:55 INFO  o.s.web.servlet.DispatcherServlet - Completed initialization in 2 ms
01 Mar 2024 - 10:27:16 INFO  o.s.o.j.LocalContainerEntityManagerFactoryBean - Closing JPA EntityManagerFactory for persistence unit 'default'
01 Mar 2024 - 10:27:16 INFO  com.zaxxer.hikari.HikariDataSource - HikariPool-1 - Shutdown initiated...
01 Mar 2024 - 10:27:16 INFO  com.zaxxer.hikari.HikariDataSource - HikariPool-1 - Shutdown completed.
01 Mar 2024 - 10:27:23 INFO  com.example.YouTubeApplication - Starting YouTubeApplication using Java 21.0.1 with PID 824 (D:\programer\proekt\yutobe\YouTube\target\classes started by acer in D:\programer\proekt\yutobe\YouTube)
01 Mar 2024 - 10:27:23 INFO  com.example.YouTubeApplication - The following 1 profile is active: "local"
01 Mar 2024 - 10:27:23 INFO  o.s.d.r.c.RepositoryConfigurationDelegate - Bootstrapping Spring Data JPA repositories in DEFAULT mode.
01 Mar 2024 - 10:27:24 INFO  o.s.d.r.c.RepositoryConfigurationDelegate - Finished Spring Data repository scanning in 74 ms. Found 8 JPA repository interfaces.
01 Mar 2024 - 10:27:24 INFO  o.s.b.w.e.tomcat.TomcatWebServer - Tomcat initialized with port 8080 (http)
01 Mar 2024 - 10:27:24 INFO  o.a.catalina.core.StandardService - Starting service [Tomcat]
01 Mar 2024 - 10:27:24 INFO  o.a.catalina.core.StandardEngine - Starting Servlet engine: [Apache Tomcat/10.1.18]
01 Mar 2024 - 10:27:24 INFO  o.a.c.c.C.[Tomcat].[localhost].[/] - Initializing Spring embedded WebApplicationContext
01 Mar 2024 - 10:27:24 INFO  o.s.b.w.s.c.ServletWebServerApplicationContext - Root WebApplicationContext: initialization completed in 1777 ms
01 Mar 2024 - 10:27:25 INFO  o.h.jpa.internal.util.LogHelper - HHH000204: Processing PersistenceUnitInfo [name: default]
01 Mar 2024 - 10:27:25 INFO  org.hibernate.Version - HHH000412: Hibernate ORM core version 6.4.1.Final
01 Mar 2024 - 10:27:25 INFO  o.h.c.i.RegionFactoryInitiator - HHH000026: Second-level cache disabled
01 Mar 2024 - 10:27:25 INFO  o.s.o.j.p.SpringPersistenceUnitInfo - No LoadTimeWeaver setup: ignoring JPA class transformer
01 Mar 2024 - 10:27:25 INFO  com.zaxxer.hikari.HikariDataSource - HikariPool-1 - Starting...
01 Mar 2024 - 10:27:25 INFO  com.zaxxer.hikari.pool.HikariPool - HikariPool-1 - Added connection org.postgresql.jdbc.PgConnection@efe49ab
01 Mar 2024 - 10:27:25 INFO  com.zaxxer.hikari.HikariDataSource - HikariPool-1 - Start completed.
01 Mar 2024 - 10:27:27 INFO  o.h.e.t.j.p.i.JtaPlatformInitiator - HHH000489: No JTA platform available (set 'hibernate.transaction.jta.platform' to enable JTA platform integration)
01 Mar 2024 - 10:27:27 INFO  o.s.o.j.LocalContainerEntityManagerFactoryBean - Initialized JPA EntityManagerFactory for persistence unit 'default'
01 Mar 2024 - 10:27:27 INFO  o.s.d.j.r.query.QueryEnhancerFactory - Hibernate is in classpath; If applicable, HQL parser will be used.
01 Mar 2024 - 10:27:28 WARN  o.s.b.a.o.j.JpaBaseConfiguration$JpaWebConfiguration - spring.jpa.open-in-view is enabled by default. Therefore, database queries may be performed during view rendering. Explicitly configure spring.jpa.open-in-view to disable this warning
01 Mar 2024 - 10:27:28 INFO  o.s.s.web.DefaultSecurityFilterChain - Will secure any request with [org.springframework.security.web.session.DisableEncodeUrlFilter@7bb50de0, org.springframework.security.web.context.request.async.WebAsyncManagerIntegrationFilter@63916a3, org.springframework.security.web.context.SecurityContextHolderFilter@81a193b, org.springframework.security.web.header.HeaderWriterFilter@69abff1d, org.springframework.security.web.authentication.logout.LogoutFilter@ce24a98, com.example.config.JwtTokenFilter@57cfb4d8, org.springframework.security.web.savedrequest.RequestCacheAwareFilter@79d538c1, org.springframework.security.web.servletapi.SecurityContextHolderAwareRequestFilter@31e08c61, org.springframework.security.web.authentication.AnonymousAuthenticationFilter@25dc8147, org.springframework.security.web.access.ExceptionTranslationFilter@648ec9f4, org.springframework.security.web.access.intercept.AuthorizationFilter@4dcdc172]
01 Mar 2024 - 10:27:29 INFO  o.s.b.w.e.tomcat.TomcatWebServer - Tomcat started on port 8080 (http) with context path ''
01 Mar 2024 - 10:27:29 INFO  com.example.YouTubeApplication - Started YouTubeApplication in 6.652 seconds (process running for 7.443)
01 Mar 2024 - 10:27:29 INFO  o.f.c.i.license.VersionPrinter - Flyway Community Edition 9.22.3 by Redgate
01 Mar 2024 - 10:27:29 INFO  o.f.c.i.license.VersionPrinter - See release notes here: https://rd.gt/416ObMi
01 Mar 2024 - 10:27:29 INFO  o.f.c.i.license.VersionPrinter - 
01 Mar 2024 - 10:27:29 INFO  org.flywaydb.core.FlywayExecutor - Database: jdbc:postgresql://localhost:5432/yutobe (PostgreSQL 15.2)
01 Mar 2024 - 10:27:29 INFO  o.f.core.internal.command.DbValidate - Successfully validated 5 migrations (execution time 00:00.020s)
01 Mar 2024 - 10:27:29 INFO  o.f.core.internal.command.DbMigrate - Current version of schema "public": 5
01 Mar 2024 - 10:27:29 INFO  o.f.core.internal.command.DbMigrate - Schema "public" is up to date. No migration necessary.
01 Mar 2024 - 10:27:31 INFO  o.a.c.c.C.[Tomcat].[localhost].[/] - Initializing Spring DispatcherServlet 'dispatcherServlet'
01 Mar 2024 - 10:27:31 INFO  o.s.web.servlet.DispatcherServlet - Initializing Servlet 'dispatcherServlet'
01 Mar 2024 - 10:27:31 INFO  o.s.web.servlet.DispatcherServlet - Completed initialization in 2 ms
01 Mar 2024 - 11:17:13 INFO  o.s.o.j.LocalContainerEntityManagerFactoryBean - Closing JPA EntityManagerFactory for persistence unit 'default'
01 Mar 2024 - 11:17:13 INFO  com.zaxxer.hikari.HikariDataSource - HikariPool-1 - Shutdown initiated...
01 Mar 2024 - 11:17:13 INFO  com.zaxxer.hikari.HikariDataSource - HikariPool-1 - Shutdown completed.
