06 Mar 2024 - 17:35:38 INFO  com.example.YouTubeApplication - Starting YouTubeApplication using Java 21.0.1 with PID 13544 (D:\programer\proekt\yutobe\YouTube\target\classes started by acer in D:\programer\proekt\yutobe\YouTube)
06 Mar 2024 - 17:35:38 INFO  com.example.YouTubeApplication - The following 1 profile is active: "local"
06 Mar 2024 - 17:35:40 INFO  o.s.d.r.c.RepositoryConfigurationDelegate - Bootstrapping Spring Data JPA repositories in DEFAULT mode.
06 Mar 2024 - 17:35:40 INFO  o.s.d.r.c.RepositoryConfigurationDelegate - Finished Spring Data repository scanning in 95 ms. Found 11 JPA repository interfaces.
06 Mar 2024 - 17:35:41 INFO  o.s.b.w.e.tomcat.TomcatWebServer - Tomcat initialized with port 8080 (http)
06 Mar 2024 - 17:35:41 INFO  o.a.catalina.core.StandardService - Starting service [Tomcat]
06 Mar 2024 - 17:35:41 INFO  o.a.catalina.core.StandardEngine - Starting Servlet engine: [Apache Tomcat/10.1.18]
06 Mar 2024 - 17:35:41 INFO  o.a.c.c.C.[Tomcat].[localhost].[/] - Initializing Spring embedded WebApplicationContext
06 Mar 2024 - 17:35:41 INFO  o.s.b.w.s.c.ServletWebServerApplicationContext - Root WebApplicationContext: initialization completed in 2642 ms
06 Mar 2024 - 17:35:41 INFO  o.h.jpa.internal.util.LogHelper - HHH000204: Processing PersistenceUnitInfo [name: default]
06 Mar 2024 - 17:35:41 INFO  org.hibernate.Version - HHH000412: Hibernate ORM core version 6.4.1.Final
06 Mar 2024 - 17:35:41 INFO  o.h.c.i.RegionFactoryInitiator - HHH000026: Second-level cache disabled
06 Mar 2024 - 17:35:42 INFO  o.s.o.j.p.SpringPersistenceUnitInfo - No LoadTimeWeaver setup: ignoring JPA class transformer
06 Mar 2024 - 17:35:42 INFO  com.zaxxer.hikari.HikariDataSource - HikariPool-1 - Starting...
06 Mar 2024 - 17:35:42 INFO  com.zaxxer.hikari.pool.HikariPool - HikariPool-1 - Added connection org.postgresql.jdbc.PgConnection@4afdfc0f
06 Mar 2024 - 17:35:42 INFO  com.zaxxer.hikari.HikariDataSource - HikariPool-1 - Start completed.
06 Mar 2024 - 17:35:43 INFO  o.h.e.t.j.p.i.JtaPlatformInitiator - HHH000489: No JTA platform available (set 'hibernate.transaction.jta.platform' to enable JTA platform integration)
06 Mar 2024 - 17:35:44 INFO  o.s.o.j.LocalContainerEntityManagerFactoryBean - Initialized JPA EntityManagerFactory for persistence unit 'default'
06 Mar 2024 - 17:35:44 INFO  o.s.d.j.r.query.QueryEnhancerFactory - Hibernate is in classpath; If applicable, HQL parser will be used.
06 Mar 2024 - 17:35:45 WARN  o.s.b.a.o.j.JpaBaseConfiguration$JpaWebConfiguration - spring.jpa.open-in-view is enabled by default. Therefore, database queries may be performed during view rendering. Explicitly configure spring.jpa.open-in-view to disable this warning
06 Mar 2024 - 17:35:45 INFO  o.s.s.web.DefaultSecurityFilterChain - Will secure any request with [org.springframework.security.web.session.DisableEncodeUrlFilter@271bbb75, org.springframework.security.web.context.request.async.WebAsyncManagerIntegrationFilter@12515d64, org.springframework.security.web.context.SecurityContextHolderFilter@33e69162, org.springframework.security.web.header.HeaderWriterFilter@7f36b021, org.springframework.security.web.authentication.logout.LogoutFilter@7c9a0166, com.example.config.JwtTokenFilter@282d1023, org.springframework.security.web.savedrequest.RequestCacheAwareFilter@7326f323, org.springframework.security.web.servletapi.SecurityContextHolderAwareRequestFilter@202d83b9, org.springframework.security.web.authentication.AnonymousAuthenticationFilter@73193fe0, org.springframework.security.web.access.ExceptionTranslationFilter@14feab02, org.springframework.security.web.access.intercept.AuthorizationFilter@6aa16117]
06 Mar 2024 - 17:35:46 INFO  o.s.b.w.e.tomcat.TomcatWebServer - Tomcat started on port 8080 (http) with context path ''
06 Mar 2024 - 17:35:46 INFO  com.example.YouTubeApplication - Started YouTubeApplication in 8.299 seconds (process running for 9.441)
06 Mar 2024 - 17:35:46 INFO  o.f.c.i.license.VersionPrinter - Flyway Community Edition 9.22.3 by Redgate
06 Mar 2024 - 17:35:46 INFO  o.f.c.i.license.VersionPrinter - See release notes here: https://rd.gt/416ObMi
06 Mar 2024 - 17:35:46 INFO  o.f.c.i.license.VersionPrinter - 
06 Mar 2024 - 17:35:46 INFO  org.flywaydb.core.FlywayExecutor - Database: jdbc:postgresql://localhost:5432/yutobe (PostgreSQL 15.2)
06 Mar 2024 - 17:35:46 INFO  o.f.core.internal.command.DbValidate - Successfully validated 5 migrations (execution time 00:00.034s)
06 Mar 2024 - 17:35:46 INFO  o.f.core.internal.command.DbMigrate - Current version of schema "public": 5
06 Mar 2024 - 17:35:46 INFO  o.f.core.internal.command.DbMigrate - Schema "public" is up to date. No migration necessary.
06 Mar 2024 - 17:37:14 INFO  o.s.o.j.LocalContainerEntityManagerFactoryBean - Closing JPA EntityManagerFactory for persistence unit 'default'
06 Mar 2024 - 17:37:14 INFO  com.zaxxer.hikari.HikariDataSource - HikariPool-1 - Shutdown initiated...
06 Mar 2024 - 17:37:14 INFO  com.zaxxer.hikari.HikariDataSource - HikariPool-1 - Shutdown completed.
06 Mar 2024 - 17:37:20 INFO  com.example.YouTubeApplication - Starting YouTubeApplication using Java 21.0.1 with PID 3504 (D:\programer\proekt\yutobe\YouTube\target\classes started by acer in D:\programer\proekt\yutobe\YouTube)
06 Mar 2024 - 17:37:21 INFO  com.example.YouTubeApplication - The following 1 profile is active: "local"
06 Mar 2024 - 17:37:21 INFO  o.s.d.r.c.RepositoryConfigurationDelegate - Bootstrapping Spring Data JPA repositories in DEFAULT mode.
06 Mar 2024 - 17:37:22 INFO  o.s.d.r.c.RepositoryConfigurationDelegate - Finished Spring Data repository scanning in 78 ms. Found 11 JPA repository interfaces.
06 Mar 2024 - 17:37:22 INFO  o.s.b.w.e.tomcat.TomcatWebServer - Tomcat initialized with port 8080 (http)
06 Mar 2024 - 17:37:22 INFO  o.a.catalina.core.StandardService - Starting service [Tomcat]
06 Mar 2024 - 17:37:22 INFO  o.a.catalina.core.StandardEngine - Starting Servlet engine: [Apache Tomcat/10.1.18]
06 Mar 2024 - 17:37:22 INFO  o.a.c.c.C.[Tomcat].[localhost].[/] - Initializing Spring embedded WebApplicationContext
06 Mar 2024 - 17:37:22 INFO  o.s.b.w.s.c.ServletWebServerApplicationContext - Root WebApplicationContext: initialization completed in 1675 ms
06 Mar 2024 - 17:37:22 INFO  o.h.jpa.internal.util.LogHelper - HHH000204: Processing PersistenceUnitInfo [name: default]
06 Mar 2024 - 17:37:22 INFO  org.hibernate.Version - HHH000412: Hibernate ORM core version 6.4.1.Final
06 Mar 2024 - 17:37:22 INFO  o.h.c.i.RegionFactoryInitiator - HHH000026: Second-level cache disabled
06 Mar 2024 - 17:37:23 INFO  o.s.o.j.p.SpringPersistenceUnitInfo - No LoadTimeWeaver setup: ignoring JPA class transformer
06 Mar 2024 - 17:37:23 INFO  com.zaxxer.hikari.HikariDataSource - HikariPool-1 - Starting...
06 Mar 2024 - 17:37:23 INFO  com.zaxxer.hikari.pool.HikariPool - HikariPool-1 - Added connection org.postgresql.jdbc.PgConnection@4fa0ee7e
06 Mar 2024 - 17:37:23 INFO  com.zaxxer.hikari.HikariDataSource - HikariPool-1 - Start completed.
06 Mar 2024 - 17:37:24 INFO  o.h.e.t.j.p.i.JtaPlatformInitiator - HHH000489: No JTA platform available (set 'hibernate.transaction.jta.platform' to enable JTA platform integration)
06 Mar 2024 - 17:37:24 INFO  o.s.o.j.LocalContainerEntityManagerFactoryBean - Initialized JPA EntityManagerFactory for persistence unit 'default'
06 Mar 2024 - 17:37:25 INFO  o.s.d.j.r.query.QueryEnhancerFactory - Hibernate is in classpath; If applicable, HQL parser will be used.
06 Mar 2024 - 17:37:26 WARN  o.s.b.a.o.j.JpaBaseConfiguration$JpaWebConfiguration - spring.jpa.open-in-view is enabled by default. Therefore, database queries may be performed during view rendering. Explicitly configure spring.jpa.open-in-view to disable this warning
06 Mar 2024 - 17:37:27 INFO  o.s.s.web.DefaultSecurityFilterChain - Will secure any request with [org.springframework.security.web.session.DisableEncodeUrlFilter@312ddc51, org.springframework.security.web.context.request.async.WebAsyncManagerIntegrationFilter@330f3046, org.springframework.security.web.context.SecurityContextHolderFilter@7a62e096, org.springframework.security.web.header.HeaderWriterFilter@521d455c, org.springframework.security.web.authentication.logout.LogoutFilter@7af85b32, com.example.config.JwtTokenFilter@28d2afd8, org.springframework.security.web.savedrequest.RequestCacheAwareFilter@478d1193, org.springframework.security.web.servletapi.SecurityContextHolderAwareRequestFilter@2a03b87, org.springframework.security.web.authentication.AnonymousAuthenticationFilter@37a2d18c, org.springframework.security.web.access.ExceptionTranslationFilter@346d441a, org.springframework.security.web.access.intercept.AuthorizationFilter@779e66e5]
06 Mar 2024 - 17:37:27 INFO  o.s.b.w.e.tomcat.TomcatWebServer - Tomcat started on port 8080 (http) with context path ''
06 Mar 2024 - 17:37:27 INFO  com.example.YouTubeApplication - Started YouTubeApplication in 7.229 seconds (process running for 8.302)
06 Mar 2024 - 17:37:27 INFO  o.f.c.i.license.VersionPrinter - Flyway Community Edition 9.22.3 by Redgate
06 Mar 2024 - 17:37:27 INFO  o.f.c.i.license.VersionPrinter - See release notes here: https://rd.gt/416ObMi
06 Mar 2024 - 17:37:27 INFO  o.f.c.i.license.VersionPrinter - 
06 Mar 2024 - 17:37:27 INFO  org.flywaydb.core.FlywayExecutor - Database: jdbc:postgresql://localhost:5432/yutobe (PostgreSQL 15.2)
06 Mar 2024 - 17:37:27 INFO  o.f.core.internal.command.DbValidate - Successfully validated 5 migrations (execution time 00:00.050s)
06 Mar 2024 - 17:37:27 INFO  o.f.core.internal.command.DbMigrate - Current version of schema "public": 5
06 Mar 2024 - 17:37:27 INFO  o.f.core.internal.command.DbMigrate - Schema "public" is up to date. No migration necessary.
06 Mar 2024 - 17:37:58 INFO  o.a.c.c.C.[Tomcat].[localhost].[/] - Initializing Spring DispatcherServlet 'dispatcherServlet'
06 Mar 2024 - 17:37:58 INFO  o.s.web.servlet.DispatcherServlet - Initializing Servlet 'dispatcherServlet'
06 Mar 2024 - 17:37:58 INFO  o.s.web.servlet.DispatcherServlet - Completed initialization in 2 ms
06 Mar 2024 - 17:37:58 INFO  c.example.controller.AuthController - Login user@mail.ru1
06 Mar 2024 - 17:37:58 WARN  c.example.controller.AuthController - Login user@mail.ru1
06 Mar 2024 - 17:37:58 ERROR c.example.controller.AuthController - Login user@mail.ru1
06 Mar 2024 - 18:02:43 WARN  com.zaxxer.hikari.pool.HikariPool - HikariPool-1 - Thread starvation or clock leap detected (housekeeper delta=9m20s117ms702µs700ns).
06 Mar 2024 - 18:36:43 INFO  o.s.o.j.LocalContainerEntityManagerFactoryBean - Closing JPA EntityManagerFactory for persistence unit 'default'
06 Mar 2024 - 18:36:43 INFO  com.zaxxer.hikari.HikariDataSource - HikariPool-1 - Shutdown initiated...
06 Mar 2024 - 18:36:43 INFO  com.zaxxer.hikari.HikariDataSource - HikariPool-1 - Shutdown completed.
06 Mar 2024 - 18:36:52 INFO  com.example.YouTubeApplication - Starting YouTubeApplication using Java 21.0.1 with PID 9232 (D:\programer\proekt\yutobe\YouTube\target\classes started by acer in D:\programer\proekt\yutobe\YouTube)
06 Mar 2024 - 18:36:52 INFO  com.example.YouTubeApplication - The following 1 profile is active: "local"
06 Mar 2024 - 18:36:53 INFO  o.s.d.r.c.RepositoryConfigurationDelegate - Bootstrapping Spring Data JPA repositories in DEFAULT mode.
06 Mar 2024 - 18:36:53 INFO  o.s.d.r.c.RepositoryConfigurationDelegate - Finished Spring Data repository scanning in 90 ms. Found 11 JPA repository interfaces.
06 Mar 2024 - 18:36:54 INFO  o.s.b.w.e.tomcat.TomcatWebServer - Tomcat initialized with port 8080 (http)
06 Mar 2024 - 18:36:54 INFO  o.a.catalina.core.StandardService - Starting service [Tomcat]
06 Mar 2024 - 18:36:54 INFO  o.a.catalina.core.StandardEngine - Starting Servlet engine: [Apache Tomcat/10.1.18]
06 Mar 2024 - 18:36:54 INFO  o.a.c.c.C.[Tomcat].[localhost].[/] - Initializing Spring embedded WebApplicationContext
06 Mar 2024 - 18:36:54 INFO  o.s.b.w.s.c.ServletWebServerApplicationContext - Root WebApplicationContext: initialization completed in 1797 ms
06 Mar 2024 - 18:36:54 INFO  o.h.jpa.internal.util.LogHelper - HHH000204: Processing PersistenceUnitInfo [name: default]
06 Mar 2024 - 18:36:54 INFO  org.hibernate.Version - HHH000412: Hibernate ORM core version 6.4.1.Final
06 Mar 2024 - 18:36:54 INFO  o.h.c.i.RegionFactoryInitiator - HHH000026: Second-level cache disabled
06 Mar 2024 - 18:36:55 INFO  o.s.o.j.p.SpringPersistenceUnitInfo - No LoadTimeWeaver setup: ignoring JPA class transformer
06 Mar 2024 - 18:36:55 INFO  com.zaxxer.hikari.HikariDataSource - HikariPool-1 - Starting...
06 Mar 2024 - 18:36:55 INFO  com.zaxxer.hikari.pool.HikariPool - HikariPool-1 - Added connection org.postgresql.jdbc.PgConnection@2bf3ec4
06 Mar 2024 - 18:36:55 INFO  com.zaxxer.hikari.HikariDataSource - HikariPool-1 - Start completed.
06 Mar 2024 - 18:36:56 INFO  o.h.e.t.j.p.i.JtaPlatformInitiator - HHH000489: No JTA platform available (set 'hibernate.transaction.jta.platform' to enable JTA platform integration)
06 Mar 2024 - 18:36:56 INFO  o.s.o.j.LocalContainerEntityManagerFactoryBean - Initialized JPA EntityManagerFactory for persistence unit 'default'
06 Mar 2024 - 18:36:57 INFO  o.s.d.j.r.query.QueryEnhancerFactory - Hibernate is in classpath; If applicable, HQL parser will be used.
06 Mar 2024 - 18:36:57 WARN  o.s.b.a.o.j.JpaBaseConfiguration$JpaWebConfiguration - spring.jpa.open-in-view is enabled by default. Therefore, database queries may be performed during view rendering. Explicitly configure spring.jpa.open-in-view to disable this warning
06 Mar 2024 - 18:36:58 INFO  o.s.s.web.DefaultSecurityFilterChain - Will secure any request with [org.springframework.security.web.session.DisableEncodeUrlFilter@2fd2a6a4, org.springframework.security.web.context.request.async.WebAsyncManagerIntegrationFilter@401b7109, org.springframework.security.web.context.SecurityContextHolderFilter@54ebacdc, org.springframework.security.web.header.HeaderWriterFilter@1bb5dce0, org.springframework.security.web.authentication.logout.LogoutFilter@49d4a2cf, com.example.config.JwtTokenFilter@55b7f0d, org.springframework.security.web.savedrequest.RequestCacheAwareFilter@7aa06fac, org.springframework.security.web.servletapi.SecurityContextHolderAwareRequestFilter@3d7d72f2, org.springframework.security.web.authentication.AnonymousAuthenticationFilter@55785ee7, org.springframework.security.web.access.ExceptionTranslationFilter@2796716d, org.springframework.security.web.access.intercept.AuthorizationFilter@48fbb1bc]
06 Mar 2024 - 18:36:58 INFO  o.s.b.w.e.tomcat.TomcatWebServer - Tomcat started on port 8080 (http) with context path ''
06 Mar 2024 - 18:36:58 INFO  com.example.YouTubeApplication - Started YouTubeApplication in 6.124 seconds (process running for 6.825)
06 Mar 2024 - 18:36:58 INFO  o.f.c.i.license.VersionPrinter - Flyway Community Edition 9.22.3 by Redgate
06 Mar 2024 - 18:36:58 INFO  o.f.c.i.license.VersionPrinter - See release notes here: https://rd.gt/416ObMi
06 Mar 2024 - 18:36:58 INFO  o.f.c.i.license.VersionPrinter - 
06 Mar 2024 - 18:36:58 INFO  org.flywaydb.core.FlywayExecutor - Database: jdbc:postgresql://localhost:5432/yutobe (PostgreSQL 15.2)
06 Mar 2024 - 18:36:58 INFO  o.f.core.internal.command.DbValidate - Successfully validated 5 migrations (execution time 00:00.021s)
06 Mar 2024 - 18:36:58 INFO  o.f.core.internal.command.DbMigrate - Current version of schema "public": 5
06 Mar 2024 - 18:36:58 INFO  o.f.core.internal.command.DbMigrate - Schema "public" is up to date. No migration necessary.
06 Mar 2024 - 18:37:49 INFO  o.a.c.c.C.[Tomcat].[localhost].[/] - Initializing Spring DispatcherServlet 'dispatcherServlet'
06 Mar 2024 - 18:37:49 INFO  o.s.web.servlet.DispatcherServlet - Initializing Servlet 'dispatcherServlet'
06 Mar 2024 - 18:37:49 INFO  o.s.web.servlet.DispatcherServlet - Completed initialization in 2 ms
06 Mar 2024 - 18:37:49 INFO  c.example.controller.AuthController - Login sarvar@mail.ru1
06 Mar 2024 - 18:37:49 WARN  c.example.controller.AuthController - Login sarvar@mail.ru1
06 Mar 2024 - 18:37:49 ERROR c.example.controller.AuthController - Login sarvar@mail.ru1
06 Mar 2024 - 20:40:25 WARN  com.zaxxer.hikari.pool.HikariPool - HikariPool-1 - Thread starvation or clock leap detected (housekeeper delta=12m28s914ms838µs400ns).
06 Mar 2024 - 21:06:57 INFO  o.s.o.j.LocalContainerEntityManagerFactoryBean - Closing JPA EntityManagerFactory for persistence unit 'default'
06 Mar 2024 - 21:06:57 INFO  com.zaxxer.hikari.HikariDataSource - HikariPool-1 - Shutdown initiated...
06 Mar 2024 - 21:06:57 INFO  com.zaxxer.hikari.HikariDataSource - HikariPool-1 - Shutdown completed.
06 Mar 2024 - 21:07:05 INFO  com.example.YouTubeApplication - Starting YouTubeApplication using Java 21.0.1 with PID 18248 (D:\programer\proekt\yutobe\YouTube\target\classes started by acer in D:\programer\proekt\yutobe\YouTube)
06 Mar 2024 - 21:07:05 INFO  com.example.YouTubeApplication - The following 1 profile is active: "local"
06 Mar 2024 - 21:07:06 INFO  o.s.d.r.c.RepositoryConfigurationDelegate - Bootstrapping Spring Data JPA repositories in DEFAULT mode.
06 Mar 2024 - 21:07:06 INFO  o.s.d.r.c.RepositoryConfigurationDelegate - Finished Spring Data repository scanning in 155 ms. Found 11 JPA repository interfaces.
06 Mar 2024 - 21:07:07 INFO  o.s.b.w.e.tomcat.TomcatWebServer - Tomcat initialized with port 8080 (http)
06 Mar 2024 - 21:07:07 INFO  o.a.catalina.core.StandardService - Starting service [Tomcat]
06 Mar 2024 - 21:07:07 INFO  o.a.catalina.core.StandardEngine - Starting Servlet engine: [Apache Tomcat/10.1.18]
06 Mar 2024 - 21:07:07 INFO  o.a.c.c.C.[Tomcat].[localhost].[/] - Initializing Spring embedded WebApplicationContext
06 Mar 2024 - 21:07:07 INFO  o.s.b.w.s.c.ServletWebServerApplicationContext - Root WebApplicationContext: initialization completed in 2040 ms
06 Mar 2024 - 21:07:07 INFO  o.h.jpa.internal.util.LogHelper - HHH000204: Processing PersistenceUnitInfo [name: default]
06 Mar 2024 - 21:07:07 INFO  org.hibernate.Version - HHH000412: Hibernate ORM core version 6.4.1.Final
06 Mar 2024 - 21:07:07 INFO  o.h.c.i.RegionFactoryInitiator - HHH000026: Second-level cache disabled
06 Mar 2024 - 21:07:07 INFO  o.s.o.j.p.SpringPersistenceUnitInfo - No LoadTimeWeaver setup: ignoring JPA class transformer
06 Mar 2024 - 21:07:07 INFO  com.zaxxer.hikari.HikariDataSource - HikariPool-1 - Starting...
06 Mar 2024 - 21:07:07 INFO  com.zaxxer.hikari.pool.HikariPool - HikariPool-1 - Added connection org.postgresql.jdbc.PgConnection@141bb6b8
06 Mar 2024 - 21:07:07 INFO  com.zaxxer.hikari.HikariDataSource - HikariPool-1 - Start completed.
06 Mar 2024 - 21:07:09 INFO  o.h.e.t.j.p.i.JtaPlatformInitiator - HHH000489: No JTA platform available (set 'hibernate.transaction.jta.platform' to enable JTA platform integration)
06 Mar 2024 - 21:07:09 INFO  o.s.o.j.LocalContainerEntityManagerFactoryBean - Initialized JPA EntityManagerFactory for persistence unit 'default'
06 Mar 2024 - 21:07:09 INFO  o.s.d.j.r.query.QueryEnhancerFactory - Hibernate is in classpath; If applicable, HQL parser will be used.
06 Mar 2024 - 21:07:10 WARN  o.s.b.a.o.j.JpaBaseConfiguration$JpaWebConfiguration - spring.jpa.open-in-view is enabled by default. Therefore, database queries may be performed during view rendering. Explicitly configure spring.jpa.open-in-view to disable this warning
06 Mar 2024 - 21:07:11 INFO  o.s.s.web.DefaultSecurityFilterChain - Will secure any request with [org.springframework.security.web.session.DisableEncodeUrlFilter@4d462edc, org.springframework.security.web.context.request.async.WebAsyncManagerIntegrationFilter@312ddc51, org.springframework.security.web.context.SecurityContextHolderFilter@cf9223f, org.springframework.security.web.header.HeaderWriterFilter@199dee18, org.springframework.security.web.authentication.logout.LogoutFilter@4d001a14, com.example.config.JwtTokenFilter@77a35b2f, org.springframework.security.web.savedrequest.RequestCacheAwareFilter@426d7d23, org.springframework.security.web.servletapi.SecurityContextHolderAwareRequestFilter@478d1193, org.springframework.security.web.authentication.AnonymousAuthenticationFilter@330f3046, org.springframework.security.web.access.ExceptionTranslationFilter@74be992a, org.springframework.security.web.access.intercept.AuthorizationFilter@3a770af8]
06 Mar 2024 - 21:07:11 INFO  o.s.b.w.e.tomcat.TomcatWebServer - Tomcat started on port 8080 (http) with context path ''
06 Mar 2024 - 21:07:11 INFO  com.example.YouTubeApplication - Started YouTubeApplication in 7.071 seconds (process running for 7.917)
06 Mar 2024 - 21:07:11 INFO  o.f.c.i.license.VersionPrinter - Flyway Community Edition 9.22.3 by Redgate
06 Mar 2024 - 21:07:11 INFO  o.f.c.i.license.VersionPrinter - See release notes here: https://rd.gt/416ObMi
06 Mar 2024 - 21:07:11 INFO  o.f.c.i.license.VersionPrinter - 
06 Mar 2024 - 21:07:11 INFO  org.flywaydb.core.FlywayExecutor - Database: jdbc:postgresql://localhost:5432/yutobe (PostgreSQL 15.2)
06 Mar 2024 - 21:07:11 INFO  o.f.core.internal.command.DbValidate - Successfully validated 5 migrations (execution time 00:00.034s)
06 Mar 2024 - 21:07:11 INFO  o.f.core.internal.command.DbMigrate - Current version of schema "public": 5
06 Mar 2024 - 21:07:11 INFO  o.f.core.internal.command.DbMigrate - Schema "public" is up to date. No migration necessary.
06 Mar 2024 - 21:07:55 INFO  o.s.o.j.LocalContainerEntityManagerFactoryBean - Closing JPA EntityManagerFactory for persistence unit 'default'
06 Mar 2024 - 21:07:55 INFO  com.zaxxer.hikari.HikariDataSource - HikariPool-1 - Shutdown initiated...
06 Mar 2024 - 21:07:55 INFO  com.zaxxer.hikari.HikariDataSource - HikariPool-1 - Shutdown completed.
