26 Feb 2024 - 01:12:14 WARN  com.zaxxer.hikari.pool.HikariPool - HikariPool-1 - Thread starvation or clock leap detected (housekeeper delta=4m37s457ms852µs300ns).
26 Feb 2024 - 02:27:51 WARN  com.zaxxer.hikari.pool.HikariPool - HikariPool-1 - Thread starvation or clock leap detected (housekeeper delta=1h3m6s556ms738µs600ns).
26 Feb 2024 - 11:33:05 WARN  com.zaxxer.hikari.pool.HikariPool - HikariPool-1 - Thread starvation or clock leap detected (housekeeper delta=9h5m14s285ms347µs700ns).
26 Feb 2024 - 12:17:57 INFO  o.s.o.j.LocalContainerEntityManagerFactoryBean - Closing JPA EntityManagerFactory for persistence unit 'default'
26 Feb 2024 - 12:17:57 INFO  com.zaxxer.hikari.HikariDataSource - HikariPool-1 - Shutdown initiated...
26 Feb 2024 - 12:17:57 INFO  com.zaxxer.hikari.HikariDataSource - HikariPool-1 - Shutdown completed.
26 Feb 2024 - 12:18:04 INFO  com.example.YouTubeApplication - Starting YouTubeApplication using Java 21.0.1 with PID 4332 (D:\programer\proekt\yutobe\YouTube\target\classes started by acer in D:\programer\proekt\yutobe\YouTube)
26 Feb 2024 - 12:18:04 INFO  com.example.YouTubeApplication - The following 1 profile is active: "local"
26 Feb 2024 - 12:18:06 INFO  o.s.d.r.c.RepositoryConfigurationDelegate - Bootstrapping Spring Data JPA repositories in DEFAULT mode.
26 Feb 2024 - 12:18:06 INFO  o.s.d.r.c.RepositoryConfigurationDelegate - Finished Spring Data repository scanning in 63 ms. Found 6 JPA repository interfaces.
26 Feb 2024 - 12:18:06 INFO  o.s.b.w.e.tomcat.TomcatWebServer - Tomcat initialized with port 8080 (http)
26 Feb 2024 - 12:18:06 INFO  o.a.catalina.core.StandardService - Starting service [Tomcat]
26 Feb 2024 - 12:18:06 INFO  o.a.catalina.core.StandardEngine - Starting Servlet engine: [Apache Tomcat/10.1.18]
26 Feb 2024 - 12:18:06 INFO  o.a.c.c.C.[Tomcat].[localhost].[/] - Initializing Spring embedded WebApplicationContext
26 Feb 2024 - 12:18:06 INFO  o.s.b.w.s.c.ServletWebServerApplicationContext - Root WebApplicationContext: initialization completed in 1949 ms
26 Feb 2024 - 12:18:06 INFO  o.h.jpa.internal.util.LogHelper - HHH000204: Processing PersistenceUnitInfo [name: default]
26 Feb 2024 - 12:18:06 INFO  org.hibernate.Version - HHH000412: Hibernate ORM core version 6.4.1.Final
26 Feb 2024 - 12:18:07 INFO  o.h.c.i.RegionFactoryInitiator - HHH000026: Second-level cache disabled
26 Feb 2024 - 12:18:07 INFO  o.s.o.j.p.SpringPersistenceUnitInfo - No LoadTimeWeaver setup: ignoring JPA class transformer
26 Feb 2024 - 12:18:07 INFO  com.zaxxer.hikari.HikariDataSource - HikariPool-1 - Starting...
26 Feb 2024 - 12:18:07 INFO  com.zaxxer.hikari.pool.HikariPool - HikariPool-1 - Added connection org.postgresql.jdbc.PgConnection@5df64b2a
26 Feb 2024 - 12:18:07 INFO  com.zaxxer.hikari.HikariDataSource - HikariPool-1 - Start completed.
26 Feb 2024 - 12:18:08 INFO  o.h.e.t.j.p.i.JtaPlatformInitiator - HHH000489: No JTA platform available (set 'hibernate.transaction.jta.platform' to enable JTA platform integration)
26 Feb 2024 - 12:18:08 INFO  o.s.o.j.LocalContainerEntityManagerFactoryBean - Initialized JPA EntityManagerFactory for persistence unit 'default'
26 Feb 2024 - 12:18:09 INFO  o.s.d.j.r.query.QueryEnhancerFactory - Hibernate is in classpath; If applicable, HQL parser will be used.
26 Feb 2024 - 12:18:09 WARN  o.s.b.a.o.j.JpaBaseConfiguration$JpaWebConfiguration - spring.jpa.open-in-view is enabled by default. Therefore, database queries may be performed during view rendering. Explicitly configure spring.jpa.open-in-view to disable this warning
26 Feb 2024 - 12:18:10 INFO  o.s.s.web.DefaultSecurityFilterChain - Will secure any request with [org.springframework.security.web.session.DisableEncodeUrlFilter@7f5a5ef3, org.springframework.security.web.context.request.async.WebAsyncManagerIntegrationFilter@4c53ce60, org.springframework.security.web.context.SecurityContextHolderFilter@34c31a34, org.springframework.security.web.header.HeaderWriterFilter@70f5f6c7, org.springframework.security.web.authentication.logout.LogoutFilter@1abacff3, com.example.config.JwtTokenFilter@3d72abea, org.springframework.security.web.savedrequest.RequestCacheAwareFilter@375dc95c, org.springframework.security.web.servletapi.SecurityContextHolderAwareRequestFilter@33ef701e, org.springframework.security.web.authentication.AnonymousAuthenticationFilter@3d1b6816, org.springframework.security.web.access.ExceptionTranslationFilter@432e242d, org.springframework.security.web.access.intercept.AuthorizationFilter@38e46ea]
26 Feb 2024 - 12:18:10 INFO  o.s.b.w.e.tomcat.TomcatWebServer - Tomcat started on port 8080 (http) with context path ''
26 Feb 2024 - 12:18:10 INFO  com.example.YouTubeApplication - Started YouTubeApplication in 6.391 seconds (process running for 7.24)
26 Feb 2024 - 12:18:10 INFO  o.f.c.i.license.VersionPrinter - Flyway Community Edition 9.22.3 by Redgate
26 Feb 2024 - 12:18:10 INFO  o.f.c.i.license.VersionPrinter - See release notes here: https://rd.gt/416ObMi
26 Feb 2024 - 12:18:10 INFO  o.f.c.i.license.VersionPrinter - 
26 Feb 2024 - 12:18:10 INFO  org.flywaydb.core.FlywayExecutor - Database: jdbc:postgresql://localhost:5432/yutobe (PostgreSQL 15.2)
26 Feb 2024 - 12:18:10 INFO  o.f.core.internal.command.DbValidate - Successfully validated 5 migrations (execution time 00:00.021s)
26 Feb 2024 - 12:18:10 INFO  o.f.core.internal.command.DbMigrate - Current version of schema "public": 5
26 Feb 2024 - 12:18:10 INFO  o.f.core.internal.command.DbMigrate - Schema "public" is up to date. No migration necessary.
26 Feb 2024 - 12:26:27 INFO  o.a.c.c.C.[Tomcat].[localhost].[/] - Initializing Spring DispatcherServlet 'dispatcherServlet'
26 Feb 2024 - 12:26:27 INFO  o.s.web.servlet.DispatcherServlet - Initializing Servlet 'dispatcherServlet'
26 Feb 2024 - 12:26:27 INFO  o.s.web.servlet.DispatcherServlet - Completed initialization in 1 ms
26 Feb 2024 - 12:26:27 INFO  c.example.controller.AuthController - Login user@mail.ru1
26 Feb 2024 - 12:26:27 WARN  c.example.controller.AuthController - Login user@mail.ru1
26 Feb 2024 - 12:26:27 ERROR c.example.controller.AuthController - Login user@mail.ru1
26 Feb 2024 - 12:50:48 WARN  com.zaxxer.hikari.pool.HikariPool - HikariPool-1 - Thread starvation or clock leap detected (housekeeper delta=5m10s481ms480µs400ns).
